$PEKIO,COORD,076,0x001A79,9.09,-2.76,1.11,,1726451242.331
$PEKIO,COORD,082,0x001A2C,8.12,-3.45,1.12,,1726451242.352
$PEKIO,COORD,077,0x001A79,9.01,-2.69,1.13,,1726451242.434
$PEKIO,COORD,083,0x001A2C,8.12,-3.48,1.13,,1726451242.474
$PEKIO,COORD,078,0x001A79,8.92,-2.62,1.16,,1726451242.532
$PEKIO,COORD,084,0x001A2C,8.10,-3.50,1.13,,1726451242.573
$PEKIO,COORD,079,0x001A79,8.86,-2.58,1.17,,1726451242.635
$PEKIO,COORD,085,0x001A2C,8.07,-3.50,1.12,,1726451242.677
$PEKIO,COORD,080,0x001A79,8.81,-2.56,1.18,,1726451242.735
$PEKIO,COORD,086,0x001A2C,8.04,-3.50,1.11,,1726451242.754
$PEKIO,COORD,081,0x001A79,8.77,-2.55,1.19,,1726451242.833
$PEKIO,COORD,087,0x001A2C,8.01,-3.54,1.11,,1726451242.856
$PEKIO,COORD,082,0x001A79,8.75,-2.55,1.19,,1726451242.934
$PEKIO,COORD,088,0x001A2C,7.99,-3.60,1.12,,1726451242.982
$PEKIO,COORD,083,0x001A79,8.73,-2.55,1.18,,1726451243.036
$PEKIO,COORD,089,0x001A2C,7.97,-3.68,1.14,,1726451243.054
$PEKIO,COORD,084,0x001A79,8.72,-2.54,1.17,,1726451243.135
$PEKIO,COORD,090,0x001A2C,7.95,-3.77,1.17,,1726451243.154
$PEKIO,COORD,085,0x001A79,8.68,-2.53,1.16,,1726451243.237
$PEKIO,COORD,091,0x001A2C,7.92,-3.84,1.18,,1726451243.256
$PEKIO,COORD,086,0x001A79,8.61,-2.50,1.15,,1726451243.335
$PEKIO,COORD,092,0x001A2C,7.88,-3.91,1.19,,1726451243.381
$PEKIO,COORD,087,0x001A79,8.52,-2.47,1.15,Math: Not enough data.,1726451243.435
$PEKIO,COORD,093,0x001A2C,7.84,-3.98,1.18,,1726451243.478
$PEKIO,COORD,088,0x001A79,8.45,-2.46,1.16,,1726451243.538
$PEKIO,COORD,094,0x001A2C,7.80,-4.05,1.17,,1726451243.578
$PEKIO,COORD,089,0x001A79,8.38,-2.46,1.16,,1726451243.637
$PEKIO,COORD,095,0x001A2C,7.76,-4.13,1.16,,1726451243.677
$PEKIO,COORD,090,0x001A79,8.32,-2.47,1.17,,1726451243.737
$PEKIO,COORD,096,0x001A2C,7.73,-4.19,1.16,,1726451243.756
$PEKIO,COORD,091,0x001A79,8.26,-2.48,1.19,,1726451243.838
$PEKIO,COORD,097,0x001A2C,7.70,-4.24,1.16,,1726451243.882
$PEKIO,COORD,092,0x001A79,8.20,-2.48,1.20,,1726451243.940
$PEKIO,COORD,098,0x001A2C,7.68,-4.28,1.17,,1726451243.958
$PEKIO,COORD,093,0x001A79,8.13,-2.47,1.21,,1726451244.040
$PEKIO,COORD,099,0x001A2C,7.66,-4.31,1.19,,1726451244.058
$PEKIO,COORD,094,0x001A79,8.05,-2.45,1.22,,1726451244.140
$PEKIO,COORD,100,0x001A2C,7.66,-4.34,1.20,,1726451244.158
$PEKIO,COORD,095,0x001A79,7.98,-2.43,1.22,,1726451244.239
$PEKIO,COORD,101,0x001A2C,7.67,-4.37,1.21,,1726451244.260
$PEKIO,COORD,096,0x001A79,7.93,-2.42,1.21,,1726451244.339
$PEKIO,COORD,102,0x001A2C,7.66,-4.39,1.22,,1726451244.358
$PEKIO,COORD,097,0x001A79,7.91,-2.41,1.20,,1726451244.440
$PEKIO,COORD,103,0x001A2C,7.64,-4.42,1.21,,1726451244.481
$PEKIO,COORD,098,0x001A79,7.90,-2.41,1.18,,1726451244.540
$PEKIO,COORD,104,0x001A2C,7.60,-4.45,1.20,,1726451244.559
$PEKIO,COORD,099,0x001A79,7.90,-2.41,1.17,,1726451244.641
$PEKIO,COORD,105,0x001A2C,7.55,-4.49,1.19,,1726451244.681
$PEKIO,COORD,100,0x001A79,7.90,-2.40,1.15,,1726451244.741
$PEKIO,COORD,106,0x001A2C,7.49,-4.52,1.17,,1726451244.761
$PEKIO,COORD,101,0x001A79,7.88,-2.41,1.15,,1726451244.841
$PEKIO,COORD,107,0x001A2C,7.44,-4.53,1.17,,1726451244.862
$PEKIO,COORD,102,0x001A79,7.85,-2.43,1.14,,1726451244.944
$PEKIO,COORD,108,0x001A2C,7.39,-4.55,1.16,,1726451244.963
$PEKIO,COORD,103,0x001A79,7.83,-2.48,1.13,,1726451245.043
$PEKIO,COORD,109,0x001A2C,7.33,-4.55,1.15,,1726451245.062
$PEKIO,COORD,104,0x001A79,7.81,-2.53,1.11,Math: Not enough data.,1726451245.142
$PEKIO,COORD,110,0x001A2C,7.28,-4.57,1.14,,1726451245.163
$PEKIO,COORD,105,0x001A79,7.78,-2.56,1.11,,1726451245.242
$PEKIO,COORD,111,0x001A2C,7.22,-4.58,1.13,,1726451245.262
$PEKIO,COORD,106,0x001A79,7.71,-2.57,1.11,,1726451245.343
$PEKIO,COORD,112,0x001A2C,7.17,-4.59,1.12,,1726451245.385
$PEKIO,COORD,107,0x001A79,7.65,-2.57,1.12,,1726451245.444
$PEKIO,COORD,113,0x001A2C,7.14,-4.59,1.11,,1726451245.486
$PEKIO,COORD,108,0x001A79,7.56,-2.56,1.14,,1726451245.544
$PEKIO,COORD,114,0x001A2C,7.11,-4.59,1.11,,1726451245.587
$PEKIO,COORD,109,0x001A79,7.49,-2.55,1.15,,1726451245.644
$PEKIO,COORD,115,0x001A2C,7.10,-4.58,1.11,,1726451245.663
$PEKIO,COORD,110,0x001A79,7.42,-2.53,1.16,,1726451245.747
$PEKIO,COORD,116,0x001A2C,7.10,-4.58,1.11,,1726451245.765
$PEKIO,COORD,111,0x001A79,7.37,-2.52,1.16,,1726451245.844
$PEKIO,COORD,117,0x001A2C,7.09,-4.58,1.12,,1726451245.865
$PEKIO,COORD,112,0x001A79,7.31,-2.50,1.16,,1726451245.947
$PEKIO,COORD,118,0x001A2C,7.08,-4.58,1.12,,1726451245.991
$PEKIO,COORD,113,0x001A79,7.25,-2.47,1.14,,1726451246.047
$PEKIO,COORD,119,0x001A2C,7.06,-4.59,1.13,,1726451246.089
$PEKIO,COORD,114,0x001A79,7.20,-2.45,1.13,,1726451246.145
$PEKIO,COORD,120,0x001A2C,7.04,-4.58,1.13,,1726451246.164
$PEKIO,COORD,115,0x001A79,7.16,-2.43,1.11,,1726451246.248
$PEKIO,COORD,121,0x001A2C,7.01,-4.57,1.13,,1726451246.265
$PEKIO,COORD,116,0x001A79,7.12,-2.41,1.11,,1726451246.348
$PEKIO,COORD,122,0x001A2C,6.98,-4.55,1.12,,1726451246.367
$PEKIO,COORD,117,0x001A79,7.07,-2.40,1.10,,1726451246.449
$PEKIO,COORD,123,0x001A2C,6.95,-4.53,1.11,,1726451246.466
$PEKIO,COORD,118,0x001A79,7.00,-2.36,1.11,,1726451246.549
$PEKIO,COORD,124,0x001A2C,6.91,-4.51,1.11,,1726451246.568
$PEKIO,COORD,119,0x001A79,6.92,-2.31,1.13,,1726451246.648
$PEKIO,COORD,125,0x001A2C,6.86,-4.49,1.10,,1726451246.666
$PEKIO,COORD,120,0x001A79,6.85,-2.27,1.14,,1726451246.749
$PEKIO,COORD,126,0x001A2C,6.80,-4.47,1.09,,1726451246.810
$PEKIO,COORD,121,0x001A79,6.76,-2.24,1.16,,1726451246.849
$PEKIO,COORD,127,0x001A2C,6.74,-4.46,1.08,,1726451246.867
$PEKIO,COORD,122,0x001A79,6.67,-2.21,1.18,,1726451246.950
$PEKIO,COORD,128,0x001A2C,6.70,-4.46,1.08,,1726451246.969
$PEKIO,COORD,123,0x001A79,6.57,-2.21,1.19,,1726451247.049
$PEKIO,COORD,129,0x001A2C,6.68,-4.48,1.09,,1726451247.096
$PEKIO,COORD,124,0x001A79,6.49,-2.22,1.19,,1726451247.149
$PEKIO,COORD,130,0x001A2C,6.68,-4.49,1.09,,1726451247.193
$PEKIO,COORD,125,0x001A79,6.42,-2.26,1.20,,1726451247.250
$PEKIO,COORD,131,0x001A2C,6.70,-4.53,1.10,,1726451247.293
$PEKIO,COORD,126,0x001A79,6.37,-2.30,1.19,,1726451247.350
$PEKIO,COORD,132,0x001A2C,6.72,-4.55,1.10,,1726451247.395
$PEKIO,COORD,127,0x001A79,6.34,-2.33,1.18,,1726451247.451
$PEKIO,COORD,133,0x001A2C,6.70,-4.53,1.11,,1726451247.495
$PEKIO,COORD,128,0x001A79,6.32,-2.35,1.17,,1726451247.551
$PEKIO,COORD,134,0x001A2C,6.67,-4.47,1.12,,1726451247.594
$PEKIO,COORD,129,0x001A79,6.31,-2.35,1.16,,1726451247.652
$PEKIO,COORD,135,0x001A2C,6.61,-4.38,1.14,,1726451247.694
$PEKIO,COORD,130,0x001A79,6.30,-2.37,1.15,,1726451247.751
$PEKIO,COORD,136,0x001A2C,6.54,-4.28,1.17,,1726451247.793
$PEKIO,COORD,131,0x001A79,6.28,-2.38,1.13,,1726451247.854
$PEKIO,COORD,137,0x001A2C,6.50,-4.19,1.18,,1726451247.871
$PEKIO,COORD,132,0x001A79,6.24,-2.38,1.11,,1726451247.952
$PEKIO,COORD,138,0x001A2C,6.46,-4.13,1.19,,1726451247.994
$PEKIO,COORD,133,0x001A79,6.21,-2.38,1.09,,1726451248.053
$PEKIO,COORD,139,0x001A2C,6.43,-4.08,1.20,,1726451248.097
$PEKIO,COORD,134,0x001A79,6.19,-2.40,1.08,,1726451248.154
$PEKIO,COORD,140,0x001A2C,6.40,-4.05,1.20,,1726451248.172
$PEKIO,COORD,135,0x001A79,6.17,-2.41,1.07,,1726451248.254
$PEKIO,COORD,141,0x001A2C,6.35,-4.03,1.20,,1726451248.273
$PEKIO,COORD,136,0x001A79,6.15,-2.44,1.06,,1726451248.354
$PEKIO,COORD,142,0x001A2C,6.30,-4.02,1.20,,1726451248.398
$PEKIO,COORD,137,0x001A79,6.12,-2.47,1.06,,1726451248.456
$PEKIO,COORD,143,0x001A2C,6.23,-4.02,1.20,,1726451248.498
$PEKIO,COORD,138,0x001A79,6.08,-2.47,1.07,,1726451248.557
$PEKIO,COORD,144,0x001A2C,6.15,-4.01,1.20,,1726451248.573
$PEKIO,COORD,139,0x001A79,6.03,-2.45,1.08,,1726451248.657
$PEKIO,COORD,145,0x001A2C,6.08,-4.01,1.19,,1726451248.672
$PEKIO,COORD,140,0x001A79,5.98,-2.43,1.08,,1726451248.756
$PEKIO,COORD,146,0x001A2C,6.03,-4.00,1.19,,1726451248.774
$PEKIO,COORD,141,0x001A79,5.91,-2.41,1.09,,1726451248.858
$PEKIO,COORD,147,0x001A2C,5.99,-4.00,1.18,,1726451248.874
$PEKIO,COORD,142,0x001A79,5.84,-2.40,1.08,,1726451248.958
$PEKIO,COORD,148,0x001A2C,5.95,-3.99,1.17,,1726451248.976
$PEKIO,COORD,143,0x001A79,5.78,-2.41,1.08,,1726451249.058
$PEKIO,COORD,149,0x001A2C,5.91,-3.99,1.15,,1726451249.074
$PEKIO,COORD,144,0x001A79,5.73,-2.43,1.08,,1726451249.159
$PEKIO,COORD,150,0x001A2C,5.87,-3.99,1.14,,1726451249.177
$PEKIO,COORD,145,0x001A79,5.69,-2.44,1.08,,1726451249.258
$PEKIO,COORD,151,0x001A2C,5.83,-4.00,1.12,,1726451249.275
$PEKIO,COORD,146,0x001A79,5.66,-2.47,1.08,,1726451249.358
$PEKIO,COORD,152,0x001A2C,5.79,-4.00,1.11,,1726451249.376
$PEKIO,COORD,147,0x001A79,5.63,-2.49,1.08,,1726451249.459
$PEKIO,COORD,153,0x001A2C,5.74,-4.01,1.11,,1726451249.476
$PEKIO,COORD,148,0x001A79,5.60,-2.50,1.08,,1726451249.561
$PEKIO,COORD,154,0x001A2C,5.70,-4.01,1.11,,1726451249.576
$PEKIO,COORD,149,0x001A79,5.57,-2.50,1.07,,1726451249.659
$PEKIO,COORD,155,0x001A2C,5.66,-4.02,1.12,,1726451249.677
$PEKIO,COORD,150,0x001A79,5.54,-2.48,1.06,,1726451249.760
$PEKIO,COORD,156,0x001A2C,5.62,-4.02,1.12,,1726451249.777
$PEKIO,COORD,151,0x001A79,5.51,-2.45,1.06,,1726451249.861
$PEKIO,COORD,157,0x001A2C,5.58,-4.02,1.12,,1726451249.877
$PEKIO,COORD,152,0x001A79,5.46,-2.41,1.05,,1726451249.960
$PEKIO,COORD,158,0x001A2C,5.55,-4.02,1.12,,1726451249.978
$PEKIO,COORD,153,0x001A79,5.41,-2.39,1.06,,1726451250.062
$PEKIO,COORD,159,0x001A2C,5.53,-4.03,1.12,,1726451250.078
$PEKIO,COORD,154,0x001A79,5.36,-2.38,1.07,,1726451250.161
$PEKIO,COORD,160,0x001A2C,5.50,-4.03,1.13,,1726451250.178
$PEKIO,COORD,155,0x001A79,5.31,-2.38,1.09,,1726451250.261
$PEKIO,COORD,161,0x001A2C,5.47,-4.04,1.13,,1726451250.279
$PEKIO,COORD,156,0x001A79,5.26,-2.39,1.10,,1726451250.362
$PEKIO,COORD,162,0x001A2C,5.45,-4.04,1.14,,1726451250.380
$PEKIO,COORD,157,0x001A79,5.20,-2.39,1.12,,1726451250.462
$PEKIO,COORD,163,0x001A2C,5.42,-4.04,1.15,,1726451250.505
$PEKIO,COORD,158,0x001A79,5.14,-2.40,1.12,,1726451250.564
$PEKIO,COORD,164,0x001A2C,5.38,-4.05,1.15,,1726451250.606
$PEKIO,COORD,159,0x001A79,5.09,-2.42,1.12,,1726451250.664
$PEKIO,COORD,165,0x001A2C,5.35,-4.06,1.15,,1726451250.681
$PEKIO,COORD,160,0x001A79,5.04,-2.43,1.12,,1726451250.763
$PEKIO,COORD,166,0x001A2C,5.31,-4.07,1.15,,1726451250.780
$PEKIO,COORD,161,0x001A79,5.01,-2.45,1.12,,1726451250.864
$PEKIO,COORD,167,0x001A2C,5.28,-4.09,1.16,,1726451250.909
$PEKIO,COORD,162,0x001A79,4.97,-2.47,1.11,,1726451250.964
$PEKIO,COORD,168,0x001A2C,5.24,-4.13,1.16,,1726451251.006
$PEKIO,COORD,163,0x001A79,4.94,-2.48,1.10,,1726451251.065
$PEKIO,COORD,169,0x001A2C,5.19,-4.17,1.17,,1726451251.107
$PEKIO,COORD,164,0x001A79,4.92,-2.50,1.08,,1726451251.165
$PEKIO,COORD,170,0x001A2C,5.14,-4.21,1.18,,1726451251.184
$PEKIO,COORD,165,0x001A79,4.90,-2.51,1.07,,1726451251.265
$PEKIO,COORD,171,0x001A2C,5.09,-4.25,1.19,,1726451251.309
$PEKIO,COORD,166,0x001A79,4.87,-2.53,1.06,,1726451251.366
$PEKIO,COORD,172,0x001A2C,5.05,-4.28,1.20,,1726451251.409
$PEKIO,COORD,167,0x001A79,4.85,-2.55,1.05,,1726451251.467
$PEKIO,COORD,173,0x001A2C,5.01,-4.29,1.21,,1726451251.511
$PEKIO,COORD,168,0x001A79,4.82,-2.57,1.04,,1726451251.566
$PEKIO,COORD,174,0x001A2C,4.97,-4.31,1.21,,1726451251.611
$PEKIO,COORD,169,0x001A79,4.77,-2.58,1.04,,1726451251.667
$PEKIO,COORD,175,0x001A2C,4.94,-4.32,1.21,,1726451251.710
$PEKIO,COORD,170,0x001A79,4.66,-2.58,1.05,,1726451251.767
$PEKIO,COORD,176,0x001A2C,4.91,-4.34,1.20,,1726451251.811
$PEKIO,COORD,171,0x001A79,4.52,-2.57,1.08,,1726451251.869
$PEKIO,COORD,177,0x001A2C,4.89,-4.36,1.20,,1726451251.884
$PEKIO,COORD,172,0x001A79,4.39,-2.55,1.11,,1726451251.967
$PEKIO,COORD,178,0x001A2C,4.87,-4.37,1.19,,1726451252.015
$PEKIO,COORD,173,0x001A79,4.31,-2.53,1.13,,1726451252.070
$PEKIO,COORD,179,0x001A2C,4.86,-4.38,1.18,,1726451252.085
$PEKIO,COORD,174,0x001A79,4.24,-2.51,1.14,,1726451252.169
$PEKIO,COORD,180,0x001A2C,4.86,-4.39,1.17,,1726451252.185
$PEKIO,COORD,175,0x001A79,4.20,-2.49,1.15,,1726451252.271
$PEKIO,COORD,181,0x001A2C,4.85,-4.39,1.17,,1726451252.286
$PEKIO,COORD,176,0x001A79,4.15,-2.46,1.16,,1726451252.369
$PEKIO,COORD,182,0x001A2C,4.83,-4.41,1.16,,1726451252.388
$PEKIO,COORD,177,0x001A79,4.10,-2.43,1.16,,1726451252.469
$PEKIO,COORD,183,0x001A2C,4.80,-4.44,1.16,,1726451252.514
$PEKIO,COORD,178,0x001A79,4.06,-2.40,1.16,,1726451252.570
$PEKIO,COORD,184,0x001A2C,4.77,-4.48,1.16,,1726451252.587
$PEKIO,COORD,179,0x001A79,4.03,-2.36,1.14,,1726451252.672
$PEKIO,COORD,185,0x001A2C,4.75,-4.52,1.15,,1726451252.713
$PEKIO,COORD,180,0x001A79,3.99,-2.33,1.13,,1726451252.772
$PEKIO,COORD,186,0x001A2C,4.73,-4.57,1.15,,1726451252.788
$PEKIO,COORD,181,0x001A79,3.93,-2.33,1.14,,1726451252.873
$PEKIO,COORD,187,0x001A2C,4.73,-4.61,1.16,,1726451252.888
$PEKIO,COORD,182,0x001A79,3.87,-2.34,1.15,,1726451252.971
$PEKIO,COORD,188,0x001A2C,4.73,-4.65,1.17,,1726451252.989
$PEKIO,COORD,183,0x001A79,3.81,-2.37,1.17,,1726451253.072
$PEKIO,COORD,189,0x001A2C,4.73,-4.68,1.18,,1726451253.089
$PEKIO,COORD,184,0x001A79,3.75,-2.40,1.19,,1726451253.172
$PEKIO,COORD,190,0x001A2C,4.72,-4.70,1.19,,1726451253.189
$PEKIO,COORD,185,0x001A79,3.74,-2.43,1.19,,1726451253.272
$PEKIO,COORD,191,0x001A2C,4.72,-4.72,1.19,,1726451253.292
$PEKIO,COORD,187,0x001A79,3.76,-2.48,1.16,,1726451253.378
$PEKIO,COORD,192,0x001A2C,4.73,-4.73,1.19,,1726451253.390
$PEKIO,COORD,188,0x001A79,3.76,-2.53,1.14,,1726451253.479
$PEKIO,COORD,193,0x001A2C,4.73,-4.74,1.19,,1726451253.492
$PEKIO,COORD,189,0x001A79,3.73,-2.56,1.15,,1726451253.580
$PEKIO,COORD,194,0x001A2C,4.73,-4.76,1.18,,1726451253.622
$PEKIO,COORD,190,0x001A79,3.64,-2.59,1.18,,1726451253.680
$PEKIO,COORD,195,0x001A2C,4.73,-4.79,1.18,,1726451253.723
$PEKIO,COORD,191,0x001A79,3.56,-2.61,1.20,,1726451253.780
$PEKIO,COORD,196,0x001A2C,4.72,-4.84,1.17,,1726451253.824
$PEKIO,COORD,192,0x001A79,3.49,-2.64,1.21,,1726451253.881
$PEKIO,COORD,197,0x001A2C,4.72,-4.88,1.17,,1726451253.921
$PEKIO,COORD,193,0x001A79,3.42,-2.66,1.22,,1726451253.982
$PEKIO,COORD,198,0x001A2C,4.71,-4.93,1.16,,1726451254.022
$PEKIO,COORD,194,0x001A79,3.37,-2.68,1.22,,1726451254.081
$PEKIO,COORD,199,0x001A2C,4.70,-4.96,1.16,,1726451254.126
$PEKIO,COORD,195,0x001A79,3.35,-2.70,1.23,,1726451254.184
$PEKIO,COORD,200,0x001A2C,4.69,-4.99,1.15,,1726451254.225
$PEKIO,COORD,196,0x001A79,3.33,-2.72,1.24,,1726451254.281
$PEKIO,COORD,201,0x001A2C,4.67,-5.01,1.15,,1726451254.330
$PEKIO,COORD,197,0x001A79,3.32,-2.74,1.25,,1726451254.382
$PEKIO,COORD,202,0x001A2C,4.65,-5.02,1.14,,1726451254.427
$PEKIO,COORD,198,0x001A79,3.30,-2.75,1.27,,1726451254.482
$PEKIO,COORD,203,0x001A2C,4.63,-5.03,1.14,,1726451254.526
$PEKIO,COORD,199,0x001A79,3.27,-2.76,1.28,,1726451254.584
$PEKIO,COORD,204,0x001A2C,4.61,-5.03,1.14,,1726451254.629
$PEKIO,COORD,200,0x001A79,3.23,-2.77,1.28,,1726451254.683
$PEKIO,COORD,205,0x001A2C,4.59,-5.02,1.14,,1726451254.725
$PEKIO,COORD,201,0x001A79,3.20,-2.78,1.29,,1726451254.784
$PEKIO,COORD,206,0x001A2C,4.56,-5.01,1.14,,1726451254.825
$PEKIO,COORD,202,0x001A79,3.17,-2.82,1.29,,1726451254.883
$PEKIO,COORD,207,0x001A2C,4.53,-4.99,1.13,,1726451254.928
$PEKIO,COORD,203,0x001A79,3.15,-2.88,1.29,,1726451254.984
$PEKIO,COORD,208,0x001A2C,4.50,-4.97,1.12,,1726451255.026
$PEKIO,COORD,204,0x001A79,3.13,-2.94,1.29,,1726451255.085
$PEKIO,COORD,209,0x001A2C,4.47,-4.96,1.11,,1726451255.096
$PEKIO,COORD,205,0x001A79,3.11,-3.01,1.30,,1726451255.185
$PEKIO,COORD,210,0x001A2C,4.48,-4.97,1.10,,1726451255.229
$PEKIO,COORD,206,0x001A79,3.08,-3.08,1.30,,1726451255.285
$PEKIO,COORD,211,0x001A2C,4.50,-5.02,1.10,,1726451255.297
$PEKIO,COORD,207,0x001A79,3.06,-3.14,1.30,,1726451255.385
$PEKIO,COORD,212,0x001A2C,4.55,-5.10,1.11,,1726451255.397
$PEKIO,COORD,208,0x001A79,3.03,-3.18,1.30,,1726451255.486
$PEKIO,COORD,213,0x001A2C,4.62,-5.20,1.12,,1726451255.497
$PEKIO,COORD,209,0x001A79,3.01,-3.19,1.30,,1726451255.586
$PEKIO,COORD,214,0x001A2C,4.69,-5.28,1.13,,1726451255.597
$PEKIO,COORD,210,0x001A79,2.99,-3.18,1.28,,1726451255.690
$PEKIO,COORD,215,0x001A2C,4.75,-5.34,1.13,,1726451255.735
$PEKIO,COORD,211,0x001A79,2.97,-3.18,1.26,,1726451255.790
$PEKIO,COORD,216,0x001A2C,4.82,-5.40,1.14,,1726451255.833
$PEKIO,COORD,212,0x001A79,2.96,-3.21,1.23,,1726451255.892
$PEKIO,COORD,217,0x001A2C,4.88,-5.44,1.14,,1726451255.936
$PEKIO,COORD,213,0x001A79,2.95,-3.27,1.18,,1726451255.991
$PEKIO,COORD,218,0x001A2C,4.93,-5.46,1.15,,1726451256.001
$PEKIO,COORD,214,0x001A79,2.95,-3.33,1.15,,1726451256.092
$PEKIO,COORD,219,0x001A2C,4.97,-5.46,1.16,,1726451256.134
$PEKIO,COORD,215,0x001A79,2.94,-3.40,1.12,,1726451256.191
$PEKIO,COORD,220,0x001A2C,5.00,-5.45,1.18,,1726451256.234
$PEKIO,COORD,216,0x001A79,2.94,-3.46,1.09,,1726451256.292
$PEKIO,COORD,221,0x001A2C,5.02,-5.43,1.19,,1726451256.333
$PEKIO,COORD,217,0x001A79,2.92,-3.52,1.07,,1726451256.392
$PEKIO,COORD,222,0x001A2C,5.04,-5.41,1.20,,1726451256.438
$PEKIO,COORD,218,0x001A79,2.91,-3.57,1.05,,1726451256.494
$PEKIO,COORD,223,0x001A2C,5.05,-5.40,1.19,,1726451256.537
$PEKIO,COORD,219,0x001A79,2.89,-3.61,1.04,,1726451256.594
$PEKIO,COORD,224,0x001A2C,5.06,-5.39,1.17,,1726451256.637
$PEKIO,COORD,220,0x001A79,2.88,-3.65,1.03,,1726451256.693
$PEKIO,COORD,225,0x001A2C,5.10,-5.40,1.16,,1726451256.737
$PEKIO,COORD,221,0x001A79,2.87,-3.69,1.01,,1726451256.794
$PEKIO,COORD,226,0x001A2C,5.16,-5.41,1.16,,1726451256.839
$PEKIO,COORD,222,0x001A79,2.86,-3.71,1.00,,1726451256.894
$PEKIO,COORD,227,0x001A2C,5.24,-5.44,1.18,,1726451256.939
$PEKIO,COORD,223,0x001A79,2.84,-3.71,0.99,,1726451256.995
$PEKIO,COORD,228,0x001A2C,5.33,-5.47,1.22,,1726451257.037
$PEKIO,COORD,224,0x001A79,2.83,-3.69,0.99,,1726451257.097
$PEKIO,COORD,229,0x001A2C,5.40,-5.51,1.25,,1726451257.104
$PEKIO,COORD,225,0x001A79,2.81,-3.66,0.99,,1726451257.197
$PEKIO,COORD,230,0x001A2C,5.46,-5.54,1.27,,1726451257.203
$PEKIO,COORD,226,0x001A79,2.80,-3.63,1.03,,1726451257.296
$PEKIO,COORD,231,0x001A2C,5.51,-5.58,1.28,,1726451257.304
$PEKIO,COORD,227,0x001A79,2.80,-3.60,1.07,,1726451257.395
$PEKIO,COORD,232,0x001A2C,5.55,-5.60,1.28,,1726451257.441
$PEKIO,COORD,228,0x001A79,2.80,-3.58,1.12,,1726451257.498
$PEKIO,COORD,233,0x001A2C,5.57,-5.62,1.25,,1726451257.538
$PEKIO,COORD,229,0x001A79,2.82,-3.56,1.16,,1726451257.597
$PEKIO,COORD,234,0x001A2C,5.59,-5.63,1.22,,1726451257.608
$PEKIO,COORD,230,0x001A79,2.87,-3.56,1.18,,1726451257.699
$PEKIO,COORD,235,0x001A2C,5.60,-5.63,1.19,,1726451257.710
$PEKIO,COORD,231,0x001A79,2.93,-3.58,1.20,Math: Not enough data.,1726451257.797
$PEKIO,COORD,236,0x001A2C,5.62,-5.63,1.18,,1726451257.809
$PEKIO,COORD,232,0x001A79,2.98,-3.59,1.21,,1726451257.899
$PEKIO,COORD,237,0x001A2C,5.64,-5.63,1.19,,1726451257.910
$PEKIO,COORD,233,0x001A79,3.05,-3.60,1.23,,1726451257.998
$PEKIO,COORD,238,0x001A2C,5.67,-5.62,1.21,,1726451258.009
$PEKIO,COORD,234,0x001A79,3.12,-3.61,1.25,,1726451258.098
$PEKIO,COORD,239,0x001A2C,5.69,-5.62,1.23,,1726451258.110
$PEKIO,COORD,235,0x001A79,3.21,-3.61,1.27,,1726451258.198
$PEKIO,COORD,240,0x001A2C,5.71,-5.61,1.24,,1726451258.210
$PEKIO,COORD,236,0x001A79,3.27,-3.59,1.28,,1726451258.300
$PEKIO,COORD,241,0x001A2C,5.73,-5.60,1.25,,1726451258.312
$PEKIO,COORD,237,0x001A79,3.31,-3.56,1.28,,1726451258.399
$PEKIO,COORD,242,0x001A2C,5.75,-5.57,1.24,,1726451258.443
$PEKIO,COORD,238,0x001A79,3.31,-3.51,1.26,Math: Not enough data.,1726451258.502
$PEKIO,COORD,243,0x001A2C,5.77,-5.54,1.23,,1726451258.541
$PEKIO,COORD,239,0x001A79,3.31,-3.48,1.24,,1726451258.602
$PEKIO,COORD,244,0x001A2C,5.79,-5.52,1.22,,1726451258.642
$PEKIO,COORD,240,0x001A79,3.32,-3.46,1.22,,1726451258.700
$PEKIO,COORD,245,0x001A2C,5.82,-5.51,1.21,,1726451258.712
$PEKIO,COORD,241,0x001A79,3.33,-3.45,1.21,,1726451258.801
$PEKIO,COORD,246,0x001A2C,5.84,-5.52,1.20,,1726451258.848
$PEKIO,COORD,242,0x001A79,3.35,-3.44,1.21,,1726451258.901
$PEKIO,COORD,247,0x001A2C,5.87,-5.52,1.21,,1726451258.945
$PEKIO,COORD,243,0x001A79,3.38,-3.45,1.21,,1726451259.003
$PEKIO,COORD,248,0x001A2C,5.90,-5.51,1.23,,1726451259.047
$PEKIO,COORD,244,0x001A79,3.43,-3.48,1.21,,1726451259.102
$PEKIO,COORD,249,0x001A2C,5.93,-5.50,1.24,,1726451259.151
$PEKIO,COORD,245,0x001A79,3.50,-3.52,1.22,,1726451259.202
$PEKIO,COORD,250,0x001A2C,5.95,-5.48,1.26,,1726451259.245
$PEKIO,COORD,246,0x001A79,3.57,-3.55,1.23,,1726451259.304
$PEKIO,COORD,251,0x001A2C,5.97,-5.47,1.28,,1726451259.349
$PEKIO,COORD,247,0x001A79,3.61,-3.56,1.22,,1726451259.403
$PEKIO,COORD,252,0x001A2C,5.99,-5.46,1.29,,1726451259.445
$PEKIO,COORD,248,0x001A79,3.63,-3.56,1.21,,1726451259.503
$PEKIO,COORD,253,0x001A2C,6.00,-5.46,1.30,,1726451259.548
$PEKIO,COORD,249,0x001A79,3.64,-3.55,1.21,,1726451259.604
$PEKIO,COORD,254,0x001A2C,6.00,-5.45,1.31,,1726451259.647
$PEKIO,COORD,250,0x001A79,3.65,-3.54,1.21,,1726451259.704
$PEKIO,COORD,255,0x001A2C,6.00,-5.43,1.31,,1726451259.745
$PEKIO,COORD,251,0x001A79,3.65,-3.54,1.21,,1726451259.807
$PEKIO,COORD,000,0x001A2C,5.99,-5.40,1.31,,1726451259.817
$PEKIO,COORD,252,0x001A79,3.66,-3.54,1.22,,1726451259.905
$PEKIO,COORD,001,0x001A2C,5.98,-5.36,1.30,,1726451259.916
$PEKIO,COORD,253,0x001A79,3.66,-3.56,1.21,,1726451260.005
$PEKIO,COORD,002,0x001A2C,5.98,-5.31,1.28,,1726451260.017
$PEKIO,COORD,254,0x001A79,3.68,-3.59,1.19,,1726451260.106
$PEKIO,COORD,003,0x001A2C,5.99,-5.26,1.26,,1726451260.150
$PEKIO,COORD,255,0x001A79,3.70,-3.62,1.17,,1726451260.206
$PEKIO,COORD,004,0x001A2C,6.00,-5.21,1.23,,1726451260.249
$PEKIO,COORD,000,0x001A79,3.71,-3.64,1.15,,1726451260.309
$PEKIO,COORD,005,0x001A2C,6.02,-5.18,1.21,,1726451260.350
$PEKIO,COORD,001,0x001A79,3.73,-3.65,1.14,,1726451260.407
$PEKIO,COORD,006,0x001A2C,6.04,-5.14,1.18,,1726451260.450
$PEKIO,COORD,002,0x001A79,3.75,-3.68,1.14,,1726451260.509
$PEKIO,COORD,007,0x001A2C,6.07,-5.10,1.17,,1726451260.551
$PEKIO,COORD,003,0x001A79,3.77,-3.71,1.15,,1726451260.608
$PEKIO,COORD,008,0x001A2C,6.11,-5.04,1.16,,1726451260.649
$PEKIO,COORD,004,0x001A79,3.81,-3.77,1.16,,1726451260.709
$PEKIO,COORD,009,0x001A2C,6.16,-4.98,1.16,,1726451260.720
$PEKIO,COORD,005,0x001A79,3.86,-3.84,1.18,,1726451260.810
$PEKIO,COORD,010,0x001A2C,6.21,-4.92,1.16,,1726451260.850
$PEKIO,COORD,006,0x001A79,3.91,-3.93,1.21,,1726451260.910
$PEKIO,COORD,011,0x001A2C,6.25,-4.87,1.16,,1726451260.955
$PEKIO,COORD,007,0x001A79,3.94,-4.02,1.23,,1726451261.010
$PEKIO,COORD,012,0x001A2C,6.27,-4.83,1.15,,1726451261.053
$PEKIO,COORD,008,0x001A79,3.95,-4.12,1.24,,1726451261.111
$PEKIO,COORD,013,0x001A2C,6.29,-4.78,1.14,,1726451261.122
$PEKIO,COORD,009,0x001A79,3.94,-4.20,1.25,,1726451261.212
$PEKIO,COORD,014,0x001A2C,6.30,-4.73,1.14,,1726451261.222
$PEKIO,COORD,010,0x001A79,3.92,-4.27,1.26,,1726451261.310
$PEKIO,COORD,015,0x001A2C,6.31,-4.68,1.13,,1726451261.323
$PEKIO,COORD,011,0x001A79,3.91,-4.33,1.26,,1726451261.412
$PEKIO,COORD,016,0x001A2C,6.31,-4.63,1.13,,1726451261.422
$PEKIO,COORD,012,0x001A79,3.91,-4.39,1.26,,1726451261.511
$PEKIO,COORD,017,0x001A2C,6.31,-4.58,1.12,,1726451261.554
$PEKIO,COORD,013,0x001A79,3.91,-4.44,1.26,,1726451261.611
$PEKIO,COORD,018,0x001A2C,6.30,-4.55,1.12,,1726451261.653
$PEKIO,COORD,014,0x001A79,3.92,-4.48,1.26,,1726451261.712
$PEKIO,COORD,019,0x001A2C,6.29,-4.51,1.12,,1726451261.754
$PEKIO,COORD,015,0x001A79,3.92,-4.51,1.25,,1726451261.824
$PEKIO,COORD,020,0x001A2C,6.29,-4.49,1.12,,1726451261.824
$PEKIO,COORD,016,0x001A79,3.92,-4.55,1.25,,1726451261.913
$PEKIO,COORD,021,0x001A2C,6.30,-4.47,1.12,,1726451261.966
$PEKIO,COORD,017,0x001A79,3.91,-4.59,1.24,,1726451262.013
$PEKIO,COORD,022,0x001A2C,6.33,-4.46,1.12,,1726451262.024
$PEKIO,COORD,018,0x001A79,3.90,-4.63,1.22,,1726451262.113
$PEKIO,COORD,023,0x001A2C,6.37,-4.47,1.13,,1726451262.157
$PEKIO,COORD,019,0x001A79,3.89,-4.66,1.21,,1726451262.213
$PEKIO,COORD,024,0x001A2C,6.41,-4.48,1.13,,1726451262.225
$PEKIO,COORD,020,0x001A79,3.88,-4.69,1.20,,1726451262.314
$PEKIO,COORD,025,0x001A2C,6.46,-4.48,1.13,,1726451262.326
$PEKIO,COORD,021,0x001A79,3.87,-4.72,1.18,,1726451262.416
$PEKIO,COORD,026,0x001A2C,6.50,-4.49,1.13,,1726451262.460
$PEKIO,COORD,022,0x001A79,3.86,-4.75,1.17,,1726451262.515
$PEKIO,COORD,023,0x001A79,3.85,-4.76,1.17,,1726451262.615
$PEKIO,COORD,028,0x001A2C,6.57,-4.47,1.13,,1726451262.626
$PEKIO,COORD,024,0x001A79,3.86,-4.76,1.17,,1726451262.716
$PEKIO,COORD,029,0x001A2C,6.62,-4.44,1.13,,1726451262.727
$PEKIO,COORD,025,0x001A79,3.87,-4.76,1.18,,1726451262.817
$PEKIO,COORD,030,0x001A2C,6.67,-4.40,1.12,,1726451262.827
$PEKIO,COORD,026,0x001A79,3.90,-4.76,1.19,,1726451262.917
$PEKIO,COORD,031,0x001A2C,6.71,-4.37,1.12,,1726451262.927
$PEKIO,COORD,027,0x001A79,3.93,-4.77,1.20,,1726451263.017
$PEKIO,COORD,032,0x001A2C,6.76,-4.34,1.11,,1726451263.028
$PEKIO,COORD,028,0x001A79,3.96,-4.85,1.20,,1726451263.117
$PEKIO,COORD,033,0x001A2C,6.81,-4.32,1.10,,1726451263.129
$PEKIO,COORD,029,0x001A79,4.00,-4.99,1.19,,1726451263.219
$PEKIO,COORD,034,0x001A2C,6.85,-4.30,1.11,,1726451263.229
$PEKIO,COORD,030,0x001A79,4.04,-5.16,1.18,,1726451263.318
$PEKIO,COORD,035,0x001A2C,6.89,-4.30,1.11,,1726451263.330
$PEKIO,COORD,031,0x001A79,4.09,-5.28,1.18,,1726451263.418
$PEKIO,COORD,036,0x001A2C,6.93,-4.30,1.12,,1726451263.430
$PEKIO,COORD,032,0x001A79,4.12,-5.35,1.18,,1726451263.520
$PEKIO,COORD,037,0x001A2C,6.96,-4.30,1.13,,1726451263.530
$PEKIO,COORD,033,0x001A79,4.14,-5.38,1.19,,1726451263.619
$PEKIO,COORD,038,0x001A2C,6.98,-4.31,1.13,,1726451263.630
$PEKIO,COORD,034,0x001A79,4.16,-5.38,1.19,,1726451263.720
$PEKIO,COORD,039,0x001A2C,7.01,-4.31,1.13,,1726451263.730
$PEKIO,COORD,035,0x001A79,4.16,-5.35,1.19,,1726451263.822
$PEKIO,COORD,040,0x001A2C,7.04,-4.31,1.13,,1726451263.831
$PEKIO,COORD,036,0x001A79,4.17,-5.33,1.19,,1726451263.920
$PEKIO,COORD,041,0x001A2C,7.08,-4.29,1.13,,1726451263.931
$PEKIO,COORD,037,0x001A79,4.19,-5.32,1.19,,1726451264.022
$PEKIO,COORD,042,0x001A2C,7.11,-4.28,1.13,,1726451264.031
$PEKIO,COORD,038,0x001A79,4.21,-5.31,1.18,,1726451264.121
$PEKIO,COORD,043,0x001A2C,7.14,-4.26,1.13,,1726451264.132
$PEKIO,COORD,039,0x001A79,4.25,-5.32,1.19,,1726451264.222
$PEKIO,COORD,044,0x001A2C,7.16,-4.25,1.13,,1726451264.232
$PEKIO,COORD,040,0x001A79,4.29,-5.34,1.21,,1726451264.322
$PEKIO,COORD,045,0x001A2C,7.17,-4.25,1.13,,1726451264.332
$PEKIO,COORD,041,0x001A79,4.32,-5.38,1.24,,1726451264.422
$PEKIO,COORD,046,0x001A2C,7.16,-4.27,1.13,,1726451264.434
$PEKIO,COORD,042,0x001A79,4.35,-5.40,1.26,,1726451264.523
$PEKIO,COORD,047,0x001A2C,7.15,-4.31,1.12,,1726451264.534
$PEKIO,COORD,043,0x001A79,4.38,-5.39,1.27,,1726451264.626
$PEKIO,COORD,048,0x001A2C,7.13,-4.35,1.11,,1726451264.633
$PEKIO,COORD,044,0x001A79,4.40,-5.36,1.28,,1726451264.724
$PEKIO,COORD,049,0x001A2C,7.14,-4.36,1.11,,1726451264.734
$PEKIO,COORD,045,0x001A79,4.43,-5.34,1.28,,1726451264.823
$PEKIO,COORD,050,0x001A2C,7.18,-4.34,1.12,,1726451264.868
$PEKIO,COORD,046,0x001A79,4.44,-5.33,1.29,,1726451264.924
$PEKIO,COORD,051,0x001A2C,7.22,-4.31,1.14,,1726451264.936
$PEKIO,COORD,047,0x001A79,4.46,-5.33,1.29,,1726451265.025
$PEKIO,COORD,052,0x001A2C,7.27,-4.25,1.16,,1726451265.035
$PEKIO,COORD,048,0x001A79,4.45,-5.33,1.27,,1726451265.124
$PEKIO,COORD,053,0x001A2C,7.28,-4.20,1.18,,1726451265.136
$PEKIO,COORD,049,0x001A79,4.43,-5.33,1.25,,1726451265.225
$PEKIO,COORD,054,0x001A2C,7.28,-4.15,1.20,,1726451265.236
$PEKIO,COORD,050,0x001A79,4.41,-5.32,1.21,Math: Not enough data.,1726451265.325
$PEKIO,COORD,055,0x001A2C,7.26,-4.11,1.21,,1726451265.336
$PEKIO,COORD,051,0x001A79,4.41,-5.32,1.19,,1726451265.426
$PEKIO,COORD,056,0x001A2C,7.24,-4.08,1.21,,1726451265.438
$PEKIO,COORD,052,0x001A79,4.42,-5.34,1.20,,1726451265.527
$PEKIO,COORD,057,0x001A2C,7.22,-4.06,1.21,,1726451265.537
$PEKIO,COORD,053,0x001A79,4.44,-5.36,1.21,,1726451265.628
$PEKIO,COORD,058,0x001A2C,7.22,-4.05,1.20,,1726451265.638
$PEKIO,COORD,054,0x001A79,4.47,-5.39,1.23,,1726451265.727
$PEKIO,COORD,059,0x001A2C,7.24,-4.03,1.20,,1726451265.737
$PEKIO,COORD,055,0x001A79,4.48,-5.41,1.24,,1726451265.827
$PEKIO,COORD,060,0x001A2C,7.27,-4.00,1.20,,1726451265.837
$PEKIO,COORD,056,0x001A79,4.47,-5.44,1.23,,1726451265.928
$PEKIO,COORD,061,0x001A2C,7.31,-3.95,1.21,,1726451265.941
$PEKIO,COORD,057,0x001A79,4.46,-5.46,1.20,,1726451266.029
$PEKIO,COORD,062,0x001A2C,7.34,-3.90,1.22,,1726451266.040
$PEKIO,COORD,058,0x001A79,4.46,-5.50,1.17,,1726451266.128
$PEKIO,COORD,063,0x001A2C,7.37,-3.85,1.22,,1726451266.139
$PEKIO,COORD,059,0x001A79,4.51,-5.57,1.17,,1726451266.231
$PEKIO,COORD,064,0x001A2C,7.39,-3.81,1.23,,1726451266.241
$PEKIO,COORD,060,0x001A79,4.61,-5.67,1.20,,1726451266.330
$PEKIO,COORD,065,0x001A2C,7.39,-3.77,1.23,,1726451266.340
$PEKIO,COORD,061,0x001A79,4.71,-5.78,1.23,,1726451266.429
$PEKIO,COORD,066,0x001A2C,7.37,-3.77,1.23,,1726451266.440
$PEKIO,COORD,062,0x001A79,4.78,-5.88,1.25,,1726451266.530
$PEKIO,COORD,067,0x001A2C,7.33,-3.80,1.21,,1726451266.541
$PEKIO,COORD,063,0x001A79,4.80,-5.96,1.26,,1726451266.631
$PEKIO,COORD,068,0x001A2C,7.27,-3.84,1.19,,1726451266.675
$PEKIO,COORD,064,0x001A79,4.79,-6.03,1.25,,1726451266.732
$PEKIO,COORD,069,0x001A2C,7.22,-3.89,1.16,,1726451266.773
$PEKIO,COORD,065,0x001A79,4.76,-6.08,1.24,,1726451266.833
$PEKIO,COORD,070,0x001A2C,7.19,-3.91,1.14,,1726451266.844
$PEKIO,COORD,066,0x001A79,4.75,-6.11,1.22,,1726451266.931
$PEKIO,COORD,071,0x001A2C,7.19,-3.92,1.14,,1726451266.943
$PEKIO,COORD,067,0x001A79,4.74,-6.13,1.21,,1726451267.032
$PEKIO,COORD,072,0x001A2C,7.20,-3.90,1.14,,1726451267.042
$PEKIO,COORD,068,0x001A79,4.74,-6.16,1.20,,1726451267.132
$PEKIO,COORD,073,0x001A2C,7.22,-3.88,1.14,,1726451267.143
$PEKIO,COORD,069,0x001A79,4.73,-6.22,1.19,,1726451267.232
$PEKIO,COORD,074,0x001A2C,7.22,-3.84,1.14,,1726451267.243
$PEKIO,COORD,070,0x001A79,4.71,-6.28,1.19,,1726451267.332
$PEKIO,COORD,075,0x001A2C,7.23,-3.79,1.15,,1726451267.345
$PEKIO,COORD,071,0x001A79,4.70,-6.32,1.19,,1726451267.432
$PEKIO,COORD,076,0x001A2C,7.23,-3.73,1.17,,1726451267.444
$PEKIO,COORD,072,0x001A79,4.73,-6.30,1.17,,1726451267.535
$PEKIO,COORD,077,0x001A2C,7.23,-3.67,1.18,,1726451267.544
$PEKIO,COORD,073,0x001A79,4.76,-6.24,1.15,,1726451267.633
$PEKIO,COORD,078,0x001A2C,7.23,-3.62,1.21,,1726451267.644
$PEKIO,COORD,074,0x001A79,4.75,-6.17,1.15,,1726451267.734
$PEKIO,COORD,079,0x001A2C,7.24,-3.60,1.23,,1726451267.745
$PEKIO,COORD,075,0x001A79,4.69,-6.11,1.18,,1726451267.834
$PEKIO,COORD,080,0x001A2C,7.25,-3.60,1.25,,1726451267.845
$PEKIO,COORD,076,0x001A79,4.57,-6.08,1.21,,1726451267.934
$PEKIO,COORD,081,0x001A2C,7.25,-3.61,1.27,,1726451267.945
$PEKIO,COORD,077,0x001A79,4.45,-6.11,1.24,,1726451268.037
$PEKIO,COORD,082,0x001A2C,7.22,-3.60,1.29,,1726451268.048
$PEKIO,COORD,078,0x001A79,4.35,-6.15,1.26,,1726451268.137
$PEKIO,COORD,083,0x001A2C,7.16,-3.58,1.30,,1726451268.147
$PEKIO,COORD,079,0x001A79,4.28,-6.21,1.26,,1726451268.237
$PEKIO,COORD,084,0x001A2C,7.07,-3.55,1.31,,1726451268.247
$PEKIO,COORD,080,0x001A79,4.25,-6.28,1.26,,1726451268.337
$PEKIO,COORD,085,0x001A2C,6.99,-3.51,1.31,,1726451268.346
$PEKIO,COORD,081,0x001A79,4.22,-6.31,1.23,,1726451268.437
$PEKIO,COORD,086,0x001A2C,6.94,-3.49,1.31,,1726451268.449
$PEKIO,COORD,082,0x001A79,4.20,-6.31,1.21,,1726451268.536
$PEKIO,COORD,083,0x001A79,4.18,-6.30,1.19,,1726451268.637
$PEKIO,COORD,088,0x001A2C,6.95,-3.46,1.29,,1726451268.649
$PEKIO,COORD,084,0x001A79,4.15,-6.28,1.18,,1726451268.737
$PEKIO,COORD,089,0x001A2C,6.97,-3.46,1.26,,1726451268.749
$PEKIO,COORD,085,0x001A79,4.12,-6.27,1.17,,1726451268.838
$PEKIO,COORD,090,0x001A2C,6.98,-3.45,1.24,,1726451268.849
$PEKIO,COORD,086,0x001A79,4.09,-6.28,1.17,,1726451268.938
$PEKIO,COORD,091,0x001A2C,6.98,-3.44,1.22,,1726451268.951
$PEKIO,COORD,087,0x001A79,4.08,-6.30,1.16,,1726451269.038
$PEKIO,COORD,092,0x001A2C,6.97,-3.42,1.21,,1726451269.081
$PEKIO,COORD,088,0x001A79,4.07,-6.34,1.15,,1726451269.140
$PEKIO,COORD,093,0x001A2C,6.96,-3.40,1.20,,1726451269.150
$PEKIO,COORD,089,0x001A79,4.07,-6.39,1.15,,1726451269.239
$PEKIO,COORD,094,0x001A2C,6.96,-3.37,1.20,,1726451269.250
$PEKIO,COORD,090,0x001A79,4.08,-6.43,1.14,,1726451269.339
$PEKIO,COORD,095,0x001A2C,6.95,-3.35,1.19,,1726451269.381
$PEKIO,COORD,091,0x001A79,4.09,-6.40,1.14,,1726451269.441
$PEKIO,COORD,096,0x001A2C,6.94,-3.32,1.19,,1726451269.482
$PEKIO,COORD,092,0x001A79,4.09,-6.30,1.15,,1726451269.540
$PEKIO,COORD,097,0x001A2C,6.93,-3.31,1.19,,1726451269.583
$PEKIO,COORD,093,0x001A79,4.08,-6.16,1.17,,1726451269.642
$PEKIO,COORD,098,0x001A2C,6.91,-3.30,1.20,,1726451269.652
$PEKIO,COORD,094,0x001A79,4.07,-6.05,1.18,,1726451269.741
$PEKIO,COORD,099,0x001A2C,6.87,-3.30,1.20,,1726451269.781
$PEKIO,COORD,095,0x001A79,4.05,-5.96,1.19,,1726451269.841
$PEKIO,COORD,100,0x001A2C,6.83,-3.29,1.21,,1726451269.885
$PEKIO,COORD,096,0x001A79,4.03,-5.88,1.20,,1726451269.941
$PEKIO,COORD,101,0x001A2C,6.78,-3.28,1.22,,1726451269.986
$PEKIO,COORD,097,0x001A79,4.01,-5.84,1.20,,1726451270.042
$PEKIO,COORD,102,0x001A2C,6.72,-3.26,1.23,,1726451270.085
$PEKIO,COORD,098,0x001A79,4.00,-5.81,1.20,,1726451270.142
$PEKIO,COORD,103,0x001A2C,6.66,-3.23,1.23,,1726451270.187
$PEKIO,COORD,099,0x001A79,3.98,-5.79,1.20,,1726451270.242
$PEKIO,COORD,104,0x001A2C,6.61,-3.19,1.23,,1726451270.285
$PEKIO,COORD,100,0x001A79,3.95,-5.75,1.20,,1726451270.342
$PEKIO,COORD,105,0x001A2C,6.57,-3.16,1.23,,1726451270.391
$PEKIO,COORD,101,0x001A79,3.93,-5.70,1.21,,1726451270.444
$PEKIO,COORD,106,0x001A2C,6.54,-3.13,1.23,,1726451270.485
$PEKIO,COORD,102,0x001A79,3.92,-5.67,1.22,,1726451270.544
$PEKIO,COORD,107,0x001A2C,6.52,-3.11,1.22,,1726451270.556
$PEKIO,COORD,103,0x001A79,3.92,-5.65,1.22,,1726451270.644
$PEKIO,COORD,108,0x001A2C,6.50,-3.10,1.21,,1726451270.656
$PEKIO,COORD,104,0x001A79,3.93,-5.62,1.22,,1726451270.744
$PEKIO,COORD,109,0x001A2C,6.48,-3.10,1.19,,1726451270.756
$PEKIO,COORD,105,0x001A79,3.94,-5.59,1.22,,1726451270.844
$PEKIO,COORD,110,0x001A2C,6.45,-3.11,1.17,,1726451270.856
$PEKIO,COORD,106,0x001A79,3.96,-5.55,1.22,,1726451270.945
$PEKIO,COORD,111,0x001A2C,6.42,-3.11,1.16,,1726451270.958
$PEKIO,COORD,107,0x001A79,3.98,-5.50,1.22,,1726451271.045
$PEKIO,COORD,112,0x001A2C,6.39,-3.12,1.13,,1726451271.090
$PEKIO,COORD,108,0x001A79,4.00,-5.45,1.23,,1726451271.145
$PEKIO,COORD,113,0x001A2C,6.35,-3.13,1.11,,1726451271.191
$PEKIO,COORD,109,0x001A79,4.04,-5.38,1.26,,1726451271.246
$PEKIO,COORD,114,0x001A2C,6.31,-3.13,1.09,,1726451271.290
$PEKIO,COORD,110,0x001A79,4.09,-5.31,1.28,,1726451271.348
$PEKIO,COORD,115,0x001A2C,6.27,-3.14,1.07,,1726451271.389
$PEKIO,COORD,111,0x001A79,4.12,-5.22,1.29,,1726451271.446
$PEKIO,COORD,116,0x001A2C,6.25,-3.13,1.06,,1726451271.491
$PEKIO,COORD,112,0x001A79,4.14,-5.12,1.29,,1726451271.547
$PEKIO,COORD,117,0x001A2C,6.22,-3.13,1.06,,1726451271.589
$PEKIO,COORD,113,0x001A79,4.14,-5.05,1.28,,1726451271.648
$PEKIO,COORD,118,0x001A2C,6.20,-3.11,1.06,,1726451271.691
$PEKIO,COORD,114,0x001A79,4.14,-4.98,1.28,,1726451271.749
$PEKIO,COORD,119,0x001A2C,6.18,-3.10,1.07,,1726451271.789
$PEKIO,COORD,115,0x001A79,4.15,-4.93,1.27,,1726451271.848
$PEKIO,COORD,120,0x001A2C,6.16,-3.09,1.08,,1726451271.889
$PEKIO,COORD,116,0x001A79,4.17,-4.92,1.27,,1726451271.948
$PEKIO,COORD,121,0x001A2C,6.13,-3.09,1.09,,1726451271.961
$PEKIO,COORD,117,0x001A79,4.22,-4.92,1.26,,1726451272.049
$PEKIO,COORD,122,0x001A2C,6.10,-3.10,1.09,,1726451272.061
$PEKIO,COORD,118,0x001A79,4.29,-4.91,1.26,,1726451272.149
$PEKIO,COORD,123,0x001A2C,6.07,-3.11,1.09,,1726451272.163
$PEKIO,COORD,119,0x001A79,4.35,-4.90,1.26,,1726451272.250
$PEKIO,COORD,124,0x001A2C,6.03,-3.12,1.09,,1726451272.261
$PEKIO,COORD,120,0x001A79,4.41,-4.89,1.26,,1726451272.349
$PEKIO,COORD,125,0x001A2C,6.01,-3.13,1.09,,1726451272.395
$PEKIO,COORD,121,0x001A79,4.45,-4.88,1.26,,1726451272.451
$PEKIO,COORD,126,0x001A2C,6.01,-3.13,1.07,,1726451272.493
$PEKIO,COORD,122,0x001A79,4.50,-4.88,1.26,,1726451272.550
$PEKIO,COORD,127,0x001A2C,6.01,-3.13,1.06,,1726451272.562
$PEKIO,COORD,123,0x001A79,4.54,-4.89,1.26,,1726451272.652
$PEKIO,COORD,128,0x001A2C,6.02,-3.11,1.04,,1726451272.663
$PEKIO,COORD,124,0x001A79,4.58,-4.90,1.26,,1726451272.753
$PEKIO,COORD,129,0x001A2C,6.03,-3.09,1.03,,1726451272.794
$PEKIO,COORD,125,0x001A79,4.62,-4.89,1.26,,1726451272.851
$PEKIO,COORD,130,0x001A2C,6.03,-3.05,1.03,,1726451272.893
$PEKIO,COORD,126,0x001A79,4.68,-4.84,1.26,,1726451272.953
$PEKIO,COORD,131,0x001A2C,6.02,-3.01,1.03,,1726451272.993
$PEKIO,COORD,127,0x001A79,4.76,-4.75,1.27,,1726451273.052
$PEKIO,COORD,132,0x001A2C,6.01,-2.98,1.05,,1726451273.093
$PEKIO,COORD,128,0x001A79,4.86,-4.64,1.28,,1726451273.152
$PEKIO,COORD,133,0x001A2C,6.01,-2.95,1.06,,1726451273.195
$PEKIO,COORD,129,0x001A79,4.95,-4.54,1.28,,1726451273.253
$PEKIO,COORD,134,0x001A2C,6.02,-2.94,1.08,,1726451273.266
$PEKIO,COORD,130,0x001A79,5.03,-4.47,1.29,,1726451273.355
$PEKIO,COORD,135,0x001A2C,6.03,-2.94,1.09,,1726451273.366
$PEKIO,COORD,131,0x001A79,5.10,-4.40,1.29,,1726451273.454
$PEKIO,COORD,136,0x001A2C,6.03,-2.92,1.11,,1726451273.500
$PEKIO,COORD,132,0x001A79,5.15,-4.34,1.29,,1726451273.555
$PEKIO,COORD,137,0x001A2C,6.01,-2.87,1.12,,1726451273.598
$PEKIO,COORD,133,0x001A79,5.20,-4.27,1.28,,1726451273.654
$PEKIO,COORD,138,0x001A2C,5.99,-2.77,1.12,,1726451273.668
$PEKIO,COORD,134,0x001A79,5.24,-4.19,1.26,,1726451273.754
$PEKIO,COORD,139,0x001A2C,5.95,-2.65,1.13,,1726451273.799
$PEKIO,COORD,140,0x001A2C,5.94,-2.53,1.14,,1726451273.898
$PEKIO,COORD,135,0x001A79,5.27,-4.12,1.25,Math: Lsq solver did not converge.,1726451273.898
$PEKIO,COORD,136,0x001A79,5.30,-4.07,1.23,,1726451273.955
$PEKIO,COORD,141,0x001A2C,5.94,-2.43,1.15,,1726451273.968
$PEKIO,COORD,137,0x001A79,5.27,-4.09,1.24,,1726451274.057
$PEKIO,COORD,142,0x001A2C,5.96,-2.35,1.17,,1726451274.068
$PEKIO,COORD,138,0x001A79,5.17,-4.16,1.27,,1726451274.156
$PEKIO,COORD,143,0x001A2C,5.99,-2.29,1.18,,1726451274.169
$PEKIO,COORD,139,0x001A79,5.03,-4.25,1.31,,1726451274.256
$PEKIO,COORD,144,0x001A2C,6.00,-2.24,1.19,,1726451274.270
$PEKIO,COORD,140,0x001A79,4.96,-4.29,1.34,,1726451274.356
$PEKIO,COORD,145,0x001A2C,5.99,-2.21,1.18,,1726451274.371
$PEKIO,COORD,141,0x001A79,4.96,-4.24,1.33,,1726451274.457
$PEKIO,COORD,146,0x001A2C,5.97,-2.18,1.17,,1726451274.471
$PEKIO,COORD,142,0x001A79,5.04,-4.14,1.31,,1726451274.557
$PEKIO,COORD,147,0x001A2C,5.94,-2.15,1.16,,1726451274.572
$PEKIO,COORD,143,0x001A79,5.18,-3.92,1.28,,1726451274.661
$PEKIO,COORD,148,0x001A2C,5.92,-2.13,1.14,,1726451274.671
$PEKIO,COORD,144,0x001A79,5.26,-3.70,1.27,,1726451274.761
$PEKIO,COORD,149,0x001A2C,5.90,-2.10,1.12,,1726451274.772
$PEKIO,COORD,145,0x001A79,5.30,-3.50,1.27,,1726451274.864
$PEKIO,COORD,150,0x001A2C,5.89,-2.08,1.11,,1726451274.871
$PEKIO,COORD,146,0x001A79,5.33,-3.32,1.27,,1726451274.962
$PEKIO,COORD,151,0x001A2C,5.87,-2.05,1.09,,1726451274.973
$PEKIO,COORD,147,0x001A79,5.35,-3.19,1.26,,1726451275.062
$PEKIO,COORD,152,0x001A2C,5.84,-2.03,1.07,,1726451275.071
$PEKIO,COORD,148,0x001A79,5.37,-3.09,1.25,,1726451275.164
$PEKIO,COORD,153,0x001A2C,5.80,-2.01,1.06,,1726451275.174
$PEKIO,COORD,149,0x001A79,5.38,-3.00,1.23,,1726451275.264
$PEKIO,COORD,154,0x001A2C,5.77,-2.00,1.04,,1726451275.274
$PEKIO,COORD,150,0x001A79,5.40,-2.93,1.21,,1726451275.363
$PEKIO,COORD,155,0x001A2C,5.73,-2.01,1.03,,1726451275.374
$PEKIO,COORD,151,0x001A79,5.40,-2.86,1.19,,1726451275.465
$PEKIO,COORD,156,0x001A2C,5.71,-2.02,1.01,,1726451275.473
$PEKIO,COORD,152,0x001A79,5.39,-2.79,1.18,,1726451275.564
$PEKIO,COORD,157,0x001A2C,5.70,-2.03,1.01,,1726451275.574
$PEKIO,COORD,153,0x001A79,5.39,-2.73,1.17,,1726451275.667
$PEKIO,COORD,158,0x001A2C,5.70,-2.05,1.01,,1726451275.674
$PEKIO,COORD,154,0x001A79,5.39,-2.67,1.17,,1726451275.765
$PEKIO,COORD,159,0x001A2C,5.71,-2.06,1.01,,1726451275.776
$PEKIO,COORD,155,0x001A79,5.41,-2.61,1.16,,1726451275.865
$PEKIO,COORD,160,0x001A2C,5.73,-2.07,1.02,,1726451275.875
$PEKIO,COORD,156,0x001A79,5.43,-2.55,1.15,,1726451275.965
$PEKIO,COORD,161,0x001A2C,5.73,-2.07,1.02,,1726451275.977
$PEKIO,COORD,157,0x001A79,5.45,-2.48,1.14,,1726451276.065
$PEKIO,COORD,162,0x001A2C,5.73,-2.07,1.01,,1726451276.076
$PEKIO,COORD,158,0x001A79,5.44,-2.38,1.13,,1726451276.168
$PEKIO,COORD,163,0x001A2C,5.72,-2.05,0.99,,1726451276.178
$PEKIO,COORD,159,0x001A79,5.42,-2.26,1.12,,1726451276.267
$PEKIO,COORD,164,0x001A2C,5.71,-2.02,0.97,,1726451276.276
$PEKIO,COORD,160,0x001A79,5.40,-2.17,1.11,,1726451276.369
$PEKIO,COORD,165,0x001A2C,5.70,-1.99,0.95,,1726451276.376
$PEKIO,COORD,161,0x001A79,5.39,-2.10,1.09,,1726451276.467
$PEKIO,COORD,166,0x001A2C,5.70,-1.96,0.93,,1726451276.477
$PEKIO,COORD,162,0x001A79,5.38,-2.09,1.08,,1726451276.569
$PEKIO,COORD,167,0x001A2C,5.70,-1.93,0.91,,1726451276.579
$PEKIO,COORD,163,0x001A79,5.37,-2.13,1.07,,1726451276.668
$PEKIO,COORD,168,0x001A2C,5.70,-1.92,0.90,,1726451276.680
$PEKIO,COORD,164,0x001A79,5.37,-2.20,1.05,,1726451276.771
$PEKIO,COORD,169,0x001A2C,5.70,-1.90,0.89,,1726451276.778
$PEKIO,COORD,165,0x001A79,5.38,-2.24,1.03,,1726451276.869
$PEKIO,COORD,170,0x001A2C,5.70,-1.90,0.89,,1726451276.880
$PEKIO,COORD,166,0x001A79,5.39,-2.22,1.02,,1726451276.968
$PEKIO,COORD,171,0x001A2C,5.70,-1.91,0.90,,1726451276.980
$PEKIO,COORD,167,0x001A79,5.40,-2.20,1.02,,1726451277.070
$PEKIO,COORD,172,0x001A2C,5.70,-1.92,0.91,,1726451277.080
$PEKIO,COORD,168,0x001A79,5.41,-2.16,1.03,,1726451277.169
$PEKIO,COORD,173,0x001A2C,5.70,-1.93,0.93,,1726451277.180
$PEKIO,COORD,169,0x001A79,5.41,-2.12,1.03,,1726451277.270
$PEKIO,COORD,174,0x001A2C,5.70,-1.94,0.95,,1726451277.280
$PEKIO,COORD,170,0x001A79,5.40,-2.08,1.03,,1726451277.370
$PEKIO,COORD,175,0x001A2C,5.71,-1.94,0.96,,1726451277.380
$PEKIO,COORD,171,0x001A79,5.39,-2.03,1.03,,1726451277.472
$PEKIO,COORD,176,0x001A2C,5.71,-1.94,0.97,,1726451277.514
$PEKIO,COORD,172,0x001A79,5.36,-1.98,1.03,,1726451277.571
$PEKIO,COORD,177,0x001A2C,5.71,-1.94,0.97,,1726451277.613
$PEKIO,COORD,173,0x001A79,5.34,-1.95,1.03,,1726451277.672
$PEKIO,COORD,178,0x001A2C,5.71,-1.94,0.97,,1726451277.713
$PEKIO,COORD,174,0x001A79,5.33,-1.95,1.03,,1726451277.773
$PEKIO,COORD,175,0x001A79,5.32,-1.96,1.03,,1726451277.872
$PEKIO,COORD,176,0x001A79,5.31,-1.98,1.03,,1726451277.974
$PEKIO,COORD,177,0x001A79,5.30,-2.00,1.03,,1726451278.074
$PEKIO,COORD,178,0x001A79,5.29,-2.02,1.04,,1726451278.174
$PEKIO,COORD,179,0x001A79,5.27,-2.04,1.04,,1726451278.273
$PEKIO,COORD,180,0x001A79,5.26,-2.05,1.05,,1726451278.375
$PEKIO,COORD,181,0x001A79,5.25,-2.05,1.06,,1726451278.475
$PEKIO,COORD,182,0x001A79,5.24,-2.04,1.06,,1726451278.574
$PEKIO,COORD,179,0x001A2C,5.71,-1.94,0.98,,1726451278.659
$PEKIO,COORD,183,0x001A79,5.24,-2.01,1.06,,1726451278.676
$PEKIO,COORD,184,0x001A79,5.24,-2.01,1.06,,1726451278.776
$PEKIO,COORD,185,0x001A79,5.24,-2.01,1.06,,1726451278.877
$PEKIO,COORD,180,0x001A2C,5.71,-1.94,0.98,,1726451279.637
$PEKIO,COORD,186,0x001A79,5.24,-2.00,1.06,,1726451279.856
$PEKIO,COORD,181,0x001A2C,5.71,-1.94,0.98,,1726451280.615
$PEKIO,COORD,187,0x001A79,5.24,-2.00,1.06,,1726451280.834
$PEKIO,COORD,182,0x001A2C,5.71,-1.94,0.98,,1726451281.593
$PEKIO,COORD,188,0x001A79,5.24,-2.00,1.06,,1726451281.809
$PEKIO,COORD,183,0x001A2C,5.71,-1.95,0.98,,1726451282.572
$PEKIO,COORD,189,0x001A79,5.25,-2.00,1.05,,1726451282.788
$PEKIO,COORD,184,0x001A2C,5.72,-1.96,0.99,,1726451283.550
$PEKIO,COORD,190,0x001A79,5.25,-2.00,1.05,,1726451283.766
$PEKIO,COORD,185,0x001A2C,5.72,-1.97,0.99,,1726451284.527
$PEKIO,COORD,191,0x001A79,5.26,-2.00,1.05,,1726451284.746
$PEKIO,COORD,186,0x001A2C,5.72,-1.98,1.00,,1726451285.505
$PEKIO,COORD,192,0x001A79,5.27,-2.00,1.04,,1726451285.722
$PEKIO,COORD,187,0x001A2C,5.72,-1.99,1.01,,1726451286.482
$PEKIO,COORD,193,0x001A79,5.28,-2.01,1.04,,1726451286.701
$PEKIO,COORD,188,0x001A2C,5.71,-2.00,1.01,,1726451287.462
$PEKIO,COORD,194,0x001A79,5.29,-2.02,1.03,,1726451287.679
$PEKIO,COORD,189,0x001A2C,5.71,-2.00,1.02,,1726451288.440
$PEKIO,COORD,195,0x001A79,5.31,-2.03,1.03,,1726451288.659
$PEKIO,COORD,190,0x001A2C,5.70,-2.01,1.02,,1726451289.417
$PEKIO,COORD,196,0x001A79,5.32,-2.03,1.03,,1726451289.635
$PEKIO,COORD,191,0x001A2C,5.70,-2.01,1.03,,1726451290.395
$PEKIO,COORD,197,0x001A79,5.34,-2.04,1.03,,1726451290.612
$PEKIO,COORD,192,0x001A2C,5.69,-2.01,1.03,,1726451291.373
$PEKIO,COORD,198,0x001A79,5.36,-2.05,1.04,,1726451291.590
$PEKIO,COORD,193,0x001A2C,5.68,-2.00,1.04,,1726451292.352
$PEKIO,COORD,199,0x001A79,5.39,-2.05,1.05,,1726451292.569
$PEKIO,COORD,194,0x001A2C,5.68,-2.00,1.04,,1726451293.330
$PEKIO,COORD,200,0x001A79,5.41,-2.05,1.06,,1726451293.547
$PEKIO,COORD,195,0x001A2C,5.68,-2.00,1.04,,1726451294.307
$PEKIO,COORD,201,0x001A79,5.44,-2.05,1.06,,1726451294.527
$PEKIO,COORD,196,0x001A2C,5.68,-2.00,1.05,,1726451295.285
$PEKIO,COORD,202,0x001A79,5.46,-2.05,1.07,,1726451295.503
$PEKIO,COORD,197,0x001A2C,5.68,-2.00,1.05,,1726451296.265
$PEKIO,COORD,203,0x001A79,5.49,-2.06,1.08,,1726451296.483
$PEKIO,COORD,198,0x001A2C,5.68,-2.00,1.06,,1726451297.243
$PEKIO,COORD,204,0x001A79,5.51,-2.06,1.09,,1726451297.460
$PEKIO,COORD,199,0x001A2C,5.68,-2.00,1.06,,1726451298.221
$PEKIO,COORD,205,0x001A79,5.52,-2.07,1.10,,1726451298.439
$PEKIO,COORD,200,0x001A2C,5.68,-2.00,1.06,,1726451299.197
$PEKIO,COORD,206,0x001A79,5.53,-2.07,1.11,,1726451299.418
$PEKIO,COORD,201,0x001A2C,5.68,-2.00,1.06,,1726451300.176
$PEKIO,COORD,207,0x001A79,5.54,-2.08,1.11,,1726451300.397
$PEKIO,COORD,202,0x001A2C,5.68,-2.00,1.07,,1726451301.154
$PEKIO,COORD,208,0x001A79,5.54,-2.08,1.12,,1726451301.374
$PEKIO,COORD,203,0x001A2C,5.68,-2.00,1.07,,1726451302.132
$PEKIO,COORD,209,0x001A79,5.54,-2.08,1.12,,1726451302.352
$PEKIO,COORD,204,0x001A2C,5.68,-2.00,1.07,,1726451303.109
$PEKIO,COORD,210,0x001A79,5.54,-2.07,1.12,,1726451303.331
$PEKIO,COORD,205,0x001A2C,5.67,-1.99,1.07,,1726451304.089
$PEKIO,COORD,211,0x001A79,5.54,-2.07,1.13,,1726451304.311
$PEKIO,COORD,206,0x001A2C,5.67,-1.99,1.07,,1726451305.065
$PEKIO,COORD,212,0x001A79,5.54,-2.06,1.13,,1726451305.289
$PEKIO,COORD,207,0x001A2C,5.67,-1.99,1.07,,1726451306.043
$PEKIO,COORD,213,0x001A79,5.55,-2.05,1.13,,1726451306.266
$PEKIO,COORD,208,0x001A2C,5.67,-1.99,1.07,,1726451307.023
$PEKIO,COORD,214,0x001A79,5.55,-2.04,1.13,,1726451307.244