$PEKIO,COORD,188,0x000EBC,19.50,5.58,1.06,,1722931547.770
$PEKIO,COORD,189,0x000EBC,19.49,5.58,1.08,,1722931547.870
$PEKIO,COORD,190,0x000EBC,19.46,5.58,1.10,,1722931547.965
$PEKIO,COORD,191,0x000EBC,19.42,5.58,1.12,,1722931548.063
$PEKIO,COORD,192,0x000EBC,19.38,5.57,1.14,,1722931548.161
$PEKIO,COORD,193,0x000EBC,19.33,5.55,1.15,,1722931548.260
$PEKIO,COORD,194,0x000EBC,19.29,5.53,1.17,,1722931548.356
$PEKIO,COORD,195,0x000EBC,19.27,5.51,1.18,,1722931548.454
$PEKIO,COORD,196,0x000EBC,19.26,5.51,1.19,,1722931548.552
$PEKIO,COORD,197,0x000EBC,19.27,5.50,1.20,,1722931548.649
$PEKIO,COORD,198,0x000EBC,19.29,5.51,1.19,,1722931548.747
$PEKIO,COORD,199,0x000EBC,19.31,5.51,1.19,,1722931548.847
$PEKIO,COORD,200,0x000EBC,19.32,5.50,1.18,,1722931548.943
$PEKIO,COORD,201,0x000EBC,19.33,5.47,1.18,,1722931549.042
$PEKIO,COORD,202,0x000EBC,19.33,5.43,1.18,,1722931549.140
$PEKIO,COORD,203,0x000EBC,19.34,5.39,1.19,,1722931549.235
$PEKIO,COORD,204,0x000EBC,19.34,5.35,1.19,,1722931549.336
$PEKIO,COORD,205,0x000EBC,19.34,5.31,1.19,,1722931549.431
$PEKIO,COORD,206,0x000EBC,19.35,5.28,1.20,,1722931549.530
$PEKIO,COORD,207,0x000EBC,19.37,5.24,1.20,,1722931549.626
$PEKIO,COORD,208,0x000EBC,19.39,5.21,1.20,,1722931549.725
$PEKIO,COORD,209,0x000EBC,19.42,5.17,1.20,,1722931549.822
$PEKIO,COORD,210,0x000EBC,19.46,5.13,1.20,,1722931549.922
$PEKIO,COORD,211,0x000EBC,19.48,5.09,1.20,,1722931550.018
$PEKIO,COORD,212,0x000EBC,19.51,5.04,1.20,,1722931550.117
$PEKIO,COORD,213,0x000EBC,19.52,4.99,1.20,,1722931550.213
$PEKIO,COORD,214,0x000EBC,19.54,4.94,1.20,,1722931550.312
$PEKIO,COORD,215,0x000EBC,19.55,4.90,1.20,,1722931550.409
$PEKIO,COORD,216,0x000EBC,19.57,4.84,1.19,,1722931550.506
$PEKIO,COORD,217,0x000EBC,19.58,4.78,1.19,,1722931550.606
$PEKIO,COORD,218,0x000EBC,19.59,4.70,1.19,,1722931550.703
$PEKIO,COORD,219,0x000EBC,19.60,4.61,1.20,,1722931550.802
$PEKIO,COORD,220,0x000EBC,19.59,4.52,1.21,,1722931550.898
$PEKIO,COORD,221,0x000EBC,19.58,4.43,1.23,,1722931550.996
$PEKIO,COORD,222,0x000EBC,19.56,4.34,1.24,,1722931551.093
$PEKIO,COORD,223,0x000EBC,19.55,4.25,1.25,,1722931551.191
$PEKIO,COORD,224,0x000EBC,19.53,4.16,1.26,,1722931551.289
$PEKIO,COORD,225,0x000EBC,19.53,4.06,1.25,,1722931551.387
$PEKIO,COORD,226,0x000EBC,19.52,3.96,1.25,,1722931551.484
$PEKIO,COORD,227,0x000EBC,19.53,3.87,1.24,,1722931551.582
$PEKIO,COORD,228,0x000EBC,19.54,3.78,1.23,,1722931551.682
$PEKIO,COORD,229,0x000EBC,19.57,3.68,1.23,,1722931551.778
$PEKIO,COORD,230,0x000EBC,19.59,3.58,1.22,,1722931551.877
$PEKIO,COORD,231,0x000EBC,19.61,3.46,1.23,,1722931551.973
$PEKIO,COORD,232,0x000EBC,19.62,3.33,1.23,,1722931552.073
$PEKIO,COORD,233,0x000EBC,19.63,3.20,1.24,,1722931552.169
$PEKIO,COORD,234,0x000EBC,19.63,3.07,1.25,,1722931552.266
$PEKIO,COORD,235,0x000EBC,19.63,2.97,1.26,,1722931552.365
$PEKIO,COORD,236,0x000EBC,19.63,2.88,1.26,,1722931552.462
$PEKIO,COORD,237,0x000EBC,19.63,2.81,1.28,,1722931552.562
$PEKIO,COORD,238,0x000EBC,19.64,2.75,1.29,,1722931552.658
$PEKIO,COORD,239,0x000EBC,19.65,2.69,1.30,,1722931552.755
$PEKIO,COORD,240,0x000EBC,19.68,2.63,1.31,,1722931552.853
$PEKIO,COORD,241,0x000EBC,19.72,2.58,1.32,,1722931552.950
$PEKIO,COORD,242,0x000EBC,19.76,2.52,1.32,,1722931553.050
$PEKIO,COORD,243,0x000EBC,19.80,2.47,1.32,,1722931553.146
$PEKIO,COORD,244,0x000EBC,19.84,2.43,1.31,,1722931553.244
$PEKIO,COORD,245,0x000EBC,19.88,2.40,1.31,,1722931553.342
$PEKIO,COORD,246,0x000EBC,19.91,2.39,1.31,,1722931553.441
$PEKIO,COORD,247,0x000EBC,19.94,2.39,1.32,,1722931553.537
$PEKIO,COORD,248,0x000EBC,19.96,2.42,1.32,,1722931553.634
$PEKIO,COORD,249,0x000EBC,19.97,2.44,1.33,,1722931553.734
$PEKIO,COORD,250,0x000EBC,19.98,2.47,1.34,,1722931553.830
$PEKIO,COORD,251,0x000EBC,19.98,2.49,1.35,,1722931553.930
$PEKIO,COORD,252,0x000EBC,19.99,2.52,1.35,,1722931554.026
$PEKIO,COORD,253,0x000EBC,20.00,2.55,1.35,,1722931554.125
$PEKIO,COORD,254,0x000EBC,20.00,2.64,1.35,,1722931554.221
$PEKIO,COORD,255,0x000EBC,19.98,2.77,1.35,,1722931554.318
$PEKIO,COORD,000,0x000EBC,19.95,2.94,1.36,,1722931554.418
$PEKIO,COORD,001,0x000EBC,19.91,3.09,1.37,,1722931554.514
$PEKIO,COORD,002,0x000EBC,19.88,3.21,1.37,,1722931554.614
$PEKIO,COORD,003,0x000EBC,19.85,3.31,1.36,,1722931554.710
$PEKIO,COORD,004,0x000EBC,19.82,3.40,1.35,,1722931554.809
$PEKIO,COORD,005,0x000EBC,19.81,3.49,1.33,,1722931554.905
$PEKIO,COORD,006,0x000EBC,19.80,3.56,1.31,,1722931555.005
$PEKIO,COORD,007,0x000EBC,19.81,3.64,1.29,,1722931555.101
$PEKIO,COORD,008,0x000EBC,19.83,3.71,1.27,,1722931555.199
$PEKIO,COORD,009,0x000EBC,19.86,3.78,1.24,,1722931555.297
$PEKIO,COORD,010,0x000EBC,19.88,3.83,1.22,,1722931555.394
$PEKIO,COORD,011,0x000EBC,19.91,3.88,1.20,,1722931555.494
$PEKIO,COORD,012,0x000EBC,19.94,3.92,1.18,,1722931555.590
$PEKIO,COORD,013,0x000EBC,19.97,3.96,1.16,,1722931555.690
$PEKIO,COORD,014,0x000EBC,20.00,3.99,1.16,,1722931555.786
$PEKIO,COORD,015,0x000EBC,20.03,4.02,1.16,,1722931555.883
$PEKIO,COORD,016,0x000EBC,20.06,4.04,1.17,,1722931555.983
$PEKIO,COORD,017,0x000EBC,20.10,4.07,1.18,,1722931556.079
$PEKIO,COORD,018,0x000EBC,20.15,4.08,1.19,,1722931556.178
$PEKIO,COORD,019,0x000EBC,20.20,4.10,1.20,,1722931556.274
$PEKIO,COORD,020,0x000EBC,20.26,4.11,1.20,,1722931556.374
$PEKIO,COORD,021,0x000EBC,20.34,4.11,1.19,,1722931556.470
$PEKIO,COORD,022,0x000EBC,20.43,4.09,1.18,,1722931556.568
$PEKIO,COORD,023,0x000EBC,20.52,4.07,1.17,,1722931556.665
$PEKIO,COORD,024,0x000EBC,20.61,4.04,1.15,,1722931556.765
$PEKIO,COORD,025,0x000EBC,20.70,4.00,1.14,,1722931556.861
$PEKIO,COORD,026,0x000EBC,20.79,3.97,1.13,,1722931556.960
$PEKIO,COORD,027,0x000EBC,20.86,3.93,1.12,,1722931557.056
$PEKIO,COORD,028,0x000EBC,20.94,3.90,1.11,,1722931557.153
$PEKIO,COORD,029,0x000EBC,21.02,3.87,1.11,,1722931557.254
$PEKIO,COORD,030,0x000EBC,21.11,3.83,1.11,,1722931557.349
$PEKIO,COORD,031,0x000EBC,21.19,3.79,1.12,,1722931557.448
$PEKIO,COORD,032,0x000EBC,21.27,3.75,1.14,,1722931557.546
$PEKIO,COORD,033,0x000EBC,21.34,3.72,1.16,,1722931557.644
$PEKIO,COORD,034,0x000EBC,21.40,3.68,1.18,,1722931557.740
$PEKIO,COORD,035,0x000EBC,21.44,3.64,1.20,,1722931557.838
$PEKIO,COORD,036,0x000EBC,21.48,3.60,1.21,,1722931557.938
$PEKIO,COORD,037,0x000EBC,21.50,3.56,1.22,,1722931558.034
$PEKIO,COORD,038,0x000EBC,21.51,3.50,1.22,,1722931558.133
$PEKIO,COORD,039,0x000EBC,21.52,3.42,1.21,,1722931558.229
$PEKIO,COORD,040,0x000EBC,21.53,3.33,1.20,,1722931558.329
$PEKIO,COORD,041,0x000EBC,21.54,3.23,1.20,,1722931558.425
$PEKIO,COORD,042,0x000EBC,21.57,3.14,1.20,,1722931558.523
$PEKIO,COORD,043,0x000EBC,21.61,3.06,1.21,,1722931558.620
$PEKIO,COORD,044,0x000EBC,21.66,2.99,1.22,,1722931558.717
$PEKIO,COORD,045,0x000EBC,21.70,2.92,1.23,,1722931558.817
$PEKIO,COORD,046,0x000EBC,21.75,2.86,1.24,,1722931558.913
$PEKIO,COORD,047,0x000EBC,21.81,2.80,1.25,,1722931559.011
$PEKIO,COORD,048,0x000EBC,21.87,2.73,1.27,,1722931559.108
$PEKIO,COORD,049,0x000EBC,21.95,2.65,1.30,,1722931559.209
$PEKIO,COORD,050,0x000EBC,22.04,2.56,1.32,,1722931559.304
$PEKIO,COORD,051,0x000EBC,22.14,2.51,1.34,,1722931559.404
$PEKIO,COORD,052,0x000EBC,22.24,2.47,1.35,,1722931559.499
$PEKIO,COORD,053,0x000EBC,22.33,2.45,1.37,,1722931559.599
$PEKIO,COORD,054,0x000EBC,22.41,2.44,1.37,,1722931559.695
$PEKIO,COORD,055,0x000EBC,22.47,2.45,1.38,,1722931559.792
$PEKIO,COORD,056,0x000EBC,22.53,2.45,1.38,,1722931559.893
$PEKIO,COORD,057,0x000EBC,22.58,2.47,1.37,,1722931559.988
$PEKIO,COORD,058,0x000EBC,22.64,2.48,1.37,,1722931560.087
$PEKIO,COORD,059,0x000EBC,22.69,2.50,1.36,,1722931560.183
$PEKIO,COORD,060,0x000EBC,22.75,2.52,1.35,,1722931560.283
$PEKIO,COORD,061,0x000EBC,22.82,2.53,1.34,,1722931560.379
$PEKIO,COORD,062,0x000EBC,22.90,2.54,1.32,,1722931560.478
$PEKIO,COORD,063,0x000EBC,22.97,2.54,1.32,,1722931560.576
$PEKIO,COORD,064,0x000EBC,23.04,2.55,1.31,,1722931560.672
$PEKIO,COORD,065,0x000EBC,23.11,2.57,1.31,,1722931560.772
$PEKIO,COORD,066,0x000EBC,23.17,2.60,1.31,,1722931560.868
$PEKIO,COORD,067,0x000EBC,23.24,2.63,1.31,,1722931560.968
$PEKIO,COORD,068,0x000EBC,23.31,2.68,1.32,,1722931561.064
$PEKIO,COORD,069,0x000EBC,23.37,2.74,1.33,,1722931561.161
$PEKIO,COORD,070,0x000EBC,23.44,2.81,1.33,,1722931561.261
$PEKIO,COORD,071,0x000EBC,23.50,2.87,1.34,,1722931561.357
$PEKIO,COORD,072,0x000EBC,23.56,2.93,1.34,,1722931561.456
$PEKIO,COORD,073,0x000EBC,23.61,2.98,1.33,,1722931561.554
$PEKIO,COORD,074,0x000EBC,23.66,3.02,1.33,,1722931561.650
$PEKIO,COORD,075,0x000EBC,23.71,3.07,1.32,,1722931561.750
$PEKIO,COORD,076,0x000EBC,23.74,3.13,1.30,,1722931561.845
$PEKIO,COORD,077,0x000EBC,23.78,3.20,1.29,,1722931561.945
$PEKIO,COORD,078,0x000EBC,23.81,3.28,1.28,,1722931562.041
$PEKIO,COORD,079,0x000EBC,23.84,3.35,1.27,,1722931562.141
$PEKIO,COORD,080,0x000EBC,23.87,3.41,1.27,,1722931562.237
$PEKIO,COORD,081,0x000EBC,23.90,3.47,1.26,,1722931562.334
$PEKIO,COORD,082,0x000EBC,23.93,3.56,1.26,,1722931562.434
$PEKIO,COORD,083,0x000EBC,23.95,3.68,1.27,,1722931562.531
$PEKIO,COORD,084,0x000EBC,23.97,3.83,1.29,,1722931562.628
$PEKIO,COORD,085,0x000EBC,23.98,3.98,1.29,,1722931562.725
$PEKIO,COORD,086,0x000EBC,24.00,4.10,1.30,,1722931562.823
$PEKIO,COORD,087,0x000EBC,24.01,4.21,1.31,,1722931562.921
$PEKIO,COORD,088,0x000EBC,24.02,4.31,1.31,,1722931563.021
$PEKIO,COORD,089,0x000EBC,24.03,4.41,1.31,,1722931563.117
$PEKIO,COORD,090,0x000EBC,24.04,4.49,1.32,,1722931563.214
$PEKIO,COORD,091,0x000EBC,24.07,4.57,1.32,,1722931563.314
$PEKIO,COORD,092,0x000EBC,24.09,4.64,1.32,,1722931563.410
$PEKIO,COORD,093,0x000EBC,24.11,4.71,1.32,,1722931563.510
$PEKIO,COORD,094,0x000EBC,24.13,4.79,1.32,,1722931563.605
$PEKIO,COORD,095,0x000EBC,24.14,4.87,1.31,,1722931563.704
$PEKIO,COORD,096,0x000EBC,24.15,4.96,1.30,,1722931563.801
$PEKIO,COORD,097,0x000EBC,24.18,5.07,1.28,,1722931563.898
$PEKIO,COORD,098,0x000EBC,24.21,5.18,1.26,,1722931563.998
$PEKIO,COORD,099,0x000EBC,24.24,5.29,1.24,,1722931564.094
$PEKIO,COORD,100,0x000EBC,24.27,5.39,1.22,,1722931564.191
$PEKIO,COORD,101,0x000EBC,24.29,5.46,1.20,,1722931564.291
$PEKIO,COORD,102,0x000EBC,24.30,5.53,1.19,,1722931564.387
$PEKIO,COORD,103,0x000EBC,24.30,5.59,1.17,,1722931564.486
$PEKIO,COORD,104,0x000EBC,24.28,5.65,1.17,,1722931564.582
$PEKIO,COORD,105,0x000EBC,24.25,5.72,1.16,,1722931564.682
$PEKIO,COORD,106,0x000EBC,24.20,5.78,1.17,,1722931564.777
$PEKIO,COORD,107,0x000EBC,24.14,5.84,1.18,,1722931564.877
$PEKIO,COORD,108,0x000EBC,24.08,5.88,1.21,,1722931564.973
$PEKIO,COORD,109,0x000EBC,24.01,5.90,1.24,,1722931565.073
$PEKIO,COORD,110,0x000EBC,23.94,5.90,1.26,,1722931565.169
$PEKIO,COORD,111,0x000EBC,23.87,5.89,1.27,,1722931565.268
$PEKIO,COORD,112,0x000EBC,23.80,5.87,1.27,,1722931565.364
$PEKIO,COORD,113,0x000EBC,23.74,5.85,1.26,,1722931565.464
$PEKIO,COORD,114,0x000EBC,23.68,5.81,1.26,,1722931565.560
$PEKIO,COORD,115,0x000EBC,23.62,5.77,1.26,,1722931565.657
$PEKIO,COORD,116,0x000EBC,23.58,5.71,1.27,,1722931565.755
$PEKIO,COORD,117,0x000EBC,23.55,5.64,1.29,,1722931565.853
$PEKIO,COORD,118,0x000EBC,23.54,5.55,1.30,,1722931565.953
$PEKIO,COORD,119,0x000EBC,23.52,5.47,1.32,,1722931566.049
$PEKIO,COORD,120,0x000EBC,23.50,5.38,1.33,,1722931566.148
$PEKIO,COORD,121,0x000EBC,23.47,5.29,1.33,,1722931566.244
$PEKIO,COORD,122,0x000EBC,23.45,5.21,1.32,,1722931566.344
$PEKIO,COORD,123,0x000EBC,23.44,5.12,1.31,,1722931566.440
$PEKIO,COORD,124,0x000EBC,23.44,5.03,1.30,,1722931566.537
$PEKIO,COORD,125,0x000EBC,23.46,4.93,1.31,,1722931566.637
$PEKIO,COORD,126,0x000EBC,23.49,4.83,1.31,,1722931566.733
$PEKIO,COORD,127,0x000EBC,23.51,4.73,1.32,,1722931566.833
$PEKIO,COORD,128,0x000EBC,23.53,4.64,1.32,,1722931566.928
$PEKIO,COORD,129,0x000EBC,23.54,4.57,1.31,,1722931567.025
$PEKIO,COORD,130,0x000EBC,23.53,4.49,1.30,,1722931567.126
$PEKIO,COORD,131,0x000EBC,23.51,4.41,1.29,,1722931567.221
$PEKIO,COORD,132,0x000EBC,23.49,4.32,1.28,,1722931567.320
$PEKIO,COORD,133,0x000EBC,23.47,4.23,1.27,,1722931567.417
$PEKIO,COORD,134,0x000EBC,23.45,4.14,1.27,,1722931567.517
$PEKIO,COORD,135,0x000EBC,23.44,4.04,1.28,,1722931567.613
$PEKIO,COORD,136,0x000EBC,23.45,3.93,1.30,,1722931567.710
$PEKIO,COORD,137,0x000EBC,23.45,3.83,1.32,,1722931567.810
$PEKIO,COORD,138,0x000EBC,23.45,3.74,1.34,,1722931567.906
$PEKIO,COORD,139,0x000EBC,23.44,3.66,1.35,,1722931568.003
$PEKIO,COORD,140,0x000EBC,23.43,3.59,1.36,,1722931568.103
$PEKIO,COORD,141,0x000EBC,23.41,3.51,1.35,,1722931568.198
$PEKIO,COORD,142,0x000EBC,23.38,3.43,1.34,,1722931568.298
$PEKIO,COORD,143,0x000EBC,23.34,3.35,1.34,,1722931568.394
$PEKIO,COORD,144,0x000EBC,23.30,3.25,1.33,,1722931568.494
$PEKIO,COORD,145,0x000EBC,23.25,3.15,1.32,,1722931568.590
$PEKIO,COORD,146,0x000EBC,23.20,3.05,1.31,,1722931568.689
$PEKIO,COORD,147,0x000EBC,23.14,2.98,1.31,,1722931568.785
$PEKIO,COORD,148,0x000EBC,23.07,2.92,1.30,,1722931568.884
$PEKIO,COORD,149,0x000EBC,23.00,2.86,1.29,,1722931568.981
$PEKIO,COORD,150,0x000EBC,22.94,2.79,1.28,,1722931569.078
$PEKIO,COORD,151,0x000EBC,22.88,2.72,1.28,,1722931569.178
$PEKIO,COORD,152,0x000EBC,22.83,2.65,1.27,,1722931569.273
$PEKIO,COORD,153,0x000EBC,22.78,2.59,1.27,,1722931569.374
$PEKIO,COORD,154,0x000EBC,22.72,2.55,1.27,,1722931569.469
$PEKIO,COORD,155,0x000EBC,22.67,2.51,1.27,,1722931569.568
$PEKIO,COORD,156,0x000EBC,22.61,2.48,1.27,,1722931569.664
$PEKIO,COORD,157,0x000EBC,22.55,2.46,1.27,,1722931569.765
$PEKIO,COORD,158,0x000EBC,22.48,2.45,1.27,,1722931569.861
$PEKIO,COORD,159,0x000EBC,22.43,2.44,1.28,,1722931569.957
$PEKIO,COORD,160,0x000EBC,22.36,2.45,1.29,,1722931570.058
$PEKIO,COORD,161,0x000EBC,22.30,2.46,1.30,,1722931570.153
$PEKIO,COORD,162,0x000EBC,22.23,2.50,1.32,,1722931570.252
$PEKIO,COORD,163,0x000EBC,22.16,2.55,1.33,,1722931570.348
$PEKIO,COORD,164,0x000EBC,22.09,2.60,1.34,,1722931570.449
$PEKIO,COORD,165,0x000EBC,22.02,2.65,1.35,,1722931570.544
$PEKIO,COORD,166,0x000EBC,21.96,2.69,1.36,,1722931570.643
$PEKIO,COORD,167,0x000EBC,21.91,2.72,1.35,,1722931570.740
$PEKIO,COORD,168,0x000EBC,21.86,2.74,1.34,,1722931570.837
$PEKIO,COORD,169,0x000EBC,21.82,2.76,1.31,,1722931570.935
$PEKIO,COORD,170,0x000EBC,21.78,2.78,1.29,,1722931571.033
$PEKIO,COORD,171,0x000EBC,21.76,2.80,1.27,,1722931571.132
$PEKIO,COORD,172,0x000EBC,21.73,2.83,1.26,,1722931571.228
$PEKIO,COORD,173,0x000EBC,21.71,2.87,1.26,,1722931571.328
$PEKIO,COORD,174,0x000EBC,21.70,2.91,1.26,,1722931571.424
$PEKIO,COORD,175,0x000EBC,21.68,2.97,1.26,,1722931571.523
$PEKIO,COORD,176,0x000EBC,21.65,3.03,1.26,,1722931571.619
$PEKIO,COORD,177,0x000EBC,21.61,3.11,1.25,,1722931571.719
$PEKIO,COORD,178,0x000EBC,21.58,3.21,1.24,,1722931571.815
$PEKIO,COORD,179,0x000EBC,21.56,3.32,1.23,,1722931571.912
$PEKIO,COORD,180,0x000EBC,21.56,3.44,1.22,,1722931572.011
$PEKIO,COORD,181,0x000EBC,21.57,3.57,1.21,,1722931572.107
$PEKIO,COORD,182,0x000EBC,21.59,3.67,1.20,,1722931572.208
$PEKIO,COORD,183,0x000EBC,21.60,3.77,1.19,,1722931572.303
$PEKIO,COORD,184,0x000EBC,21.60,3.87,1.18,,1722931572.402
$PEKIO,COORD,185,0x000EBC,21.60,3.97,1.17,,1722931572.498
$PEKIO,COORD,186,0x000EBC,21.60,4.07,1.15,,1722931572.599
$PEKIO,COORD,187,0x000EBC,21.60,4.17,1.13,,1722931572.694
$PEKIO,COORD,188,0x000EBC,21.60,4.26,1.12,,1722931572.793
$PEKIO,COORD,189,0x000EBC,21.59,4.36,1.11,,1722931572.889
$PEKIO,COORD,190,0x000EBC,21.59,4.46,1.10,,1722931572.988
$PEKIO,COORD,191,0x000EBC,21.58,4.58,1.10,,1722931573.085
$PEKIO,COORD,192,0x000EBC,21.57,4.69,1.09,,1722931573.182
$PEKIO,COORD,193,0x000EBC,21.56,4.81,1.09,,1722931573.282
$PEKIO,COORD,194,0x000EBC,21.55,4.93,1.08,,1722931573.378
$PEKIO,COORD,195,0x000EBC,21.55,5.04,1.08,,1722931573.477
$PEKIO,COORD,196,0x000EBC,21.54,5.17,1.07,,1722931573.573
$PEKIO,COORD,197,0x000EBC,21.54,5.29,1.06,,1722931573.674
$PEKIO,COORD,198,0x000EBC,21.52,5.40,1.05,,1722931573.769
$PEKIO,COORD,199,0x000EBC,21.48,5.50,1.03,,1722931573.868
$PEKIO,COORD,200,0x000EBC,21.44,5.60,1.01,,1722931573.966
$PEKIO,COORD,201,0x000EBC,21.40,5.70,0.99,,1722931574.063
$PEKIO,COORD,202,0x000EBC,21.36,5.81,0.99,,1722931574.162
$PEKIO,COORD,203,0x000EBC,21.33,5.93,0.99,,1722931574.258
$PEKIO,COORD,204,0x000EBC,21.31,6.03,1.00,,1722931574.356
$PEKIO,COORD,205,0x000EBC,21.30,6.11,1.01,,1722931574.453
$PEKIO,COORD,206,0x000EBC,21.30,6.16,1.02,,1722931574.553
$PEKIO,COORD,207,0x000EBC,21.29,6.19,1.03,,1722931574.649
$PEKIO,COORD,208,0x000EBC,21.27,6.20,1.04,,1722931574.749
$PEKIO,COORD,209,0x000EBC,21.25,6.18,1.06,,1722931574.845
$PEKIO,COORD,210,0x000EBC,21.23,6.14,1.07,,1722931574.941
$PEKIO,COORD,211,0x000EBC,21.21,6.06,1.09,,1722931575.040
$PEKIO,COORD,212,0x000EBC,21.19,5.95,1.10,,1722931575.137
$PEKIO,COORD,213,0x000EBC,21.16,5.81,1.10,,1722931575.237
$PEKIO,COORD,214,0x000EBC,21.15,5.66,1.10,,1722931575.333
$PEKIO,COORD,215,0x000EBC,21.13,5.52,1.08,,1722931575.432
$PEKIO,COORD,216,0x000EBC,21.13,5.39,1.06,,1722931575.528
$PEKIO,COORD,217,0x000EBC,21.13,5.27,1.05,,1722931575.628
$PEKIO,COORD,218,0x000EBC,21.13,5.16,1.04,,1722931575.724
$PEKIO,COORD,219,0x000EBC,21.13,5.06,1.03,,1722931575.823
$PEKIO,COORD,220,0x000EBC,21.13,4.97,1.03,,1722931575.919
$PEKIO,COORD,221,0x000EBC,21.13,4.88,1.03,,1722931576.018
$PEKIO,COORD,222,0x000EBC,21.14,4.79,1.04,,1722931576.116
$PEKIO,COORD,223,0x000EBC,21.15,4.70,1.05,,1722931576.212
$PEKIO,COORD,224,0x000EBC,21.16,4.63,1.07,,1722931576.312
$PEKIO,COORD,225,0x000EBC,21.17,4.57,1.10,,1722931576.408
$PEKIO,COORD,226,0x000EBC,21.18,4.51,1.13,,1722931576.507
$PEKIO,COORD,227,0x000EBC,21.19,4.46,1.15,,1722931576.603
$PEKIO,COORD,228,0x000EBC,21.18,4.40,1.17,,1722931576.703
$PEKIO,COORD,229,0x000EBC,21.15,4.33,1.17,,1722931576.799
$PEKIO,COORD,230,0x000EBC,21.10,4.26,1.18,,1722931576.898
$PEKIO,COORD,231,0x000EBC,21.03,4.20,1.19,,1722931576.994
$PEKIO,COORD,232,0x000EBC,20.95,4.16,1.20,,1722931577.093
$PEKIO,COORD,233,0x000EBC,20.85,4.14,1.22,,1722931577.190
$PEKIO,COORD,234,0x000EBC,20.76,4.12,1.23,,1722931577.289
$PEKIO,COORD,235,0x000EBC,20.66,4.10,1.24,,1722931577.385
$PEKIO,COORD,236,0x000EBC,20.57,4.09,1.25,,1722931577.483
$PEKIO,COORD,237,0x000EBC,20.49,4.09,1.24,,1722931577.583
$PEKIO,COORD,238,0x000EBC,20.42,4.09,1.24,,1722931577.679
$PEKIO,COORD,239,0x000EBC,20.35,4.10,1.24,,1722931577.777
$PEKIO,COORD,240,0x000EBC,20.29,4.13,1.24,,1722931577.874
$PEKIO,COORD,241,0x000EBC,20.20,4.17,1.24,,1722931577.971
$PEKIO,COORD,242,0x000EBC,20.10,4.24,1.24,,1722931578.071
$PEKIO,COORD,243,0x000EBC,19.99,4.31,1.24,,1722931578.167
$PEKIO,COORD,244,0x000EBC,19.89,4.38,1.24,,1722931578.265
$PEKIO,COORD,245,0x000EBC,19.81,4.45,1.25,,1722931578.362
$PEKIO,COORD,246,0x000EBC,19.73,4.52,1.26,,1722931578.462
$PEKIO,COORD,247,0x000EBC,19.66,4.59,1.27,,1722931578.558
$PEKIO,COORD,248,0x000EBC,19.60,4.66,1.28,,1722931578.657
$PEKIO,COORD,249,0x000EBC,19.55,4.71,1.29,,1722931578.753
$PEKIO,COORD,250,0x000EBC,19.50,4.77,1.30,,1722931578.851
$PEKIO,COORD,251,0x000EBC,19.47,4.83,1.30,,1722931578.951
$PEKIO,COORD,252,0x000EBC,19.45,4.89,1.30,,1722931579.046
$PEKIO,COORD,253,0x000EBC,19.43,4.95,1.28,,1722931579.144
$PEKIO,COORD,254,0x000EBC,19.42,5.02,1.26,,1722931579.244
$PEKIO,COORD,255,0x000EBC,19.42,5.08,1.24,,1722931579.340
$PEKIO,COORD,000,0x000EBC,19.42,5.15,1.23,,1722931579.437
$PEKIO,COORD,001,0x000EBC,19.43,5.22,1.21,,1722931579.535
$PEKIO,COORD,002,0x000EBC,19.44,5.30,1.19,,1722931579.635
$PEKIO,COORD,003,0x000EBC,19.45,5.38,1.18,,1722931579.730
$PEKIO,COORD,004,0x000EBC,19.46,5.47,1.17,,1722931579.829
$PEKIO,COORD,005,0x000EBC,19.47,5.55,1.17,,1722931579.926
$PEKIO,COORD,006,0x000EBC,19.48,5.62,1.18,,1722931580.026
$PEKIO,COORD,007,0x000EBC,19.49,5.67,1.19,,1722931580.121
$PEKIO,COORD,008,0x000EBC,19.51,5.73,1.20,,1722931580.219
$PEKIO,COORD,009,0x000EBC,19.54,5.78,1.20,,1722931580.317
$PEKIO,COORD,010,0x000EBC,19.58,5.82,1.20,,1722931580.417
$PEKIO,COORD,011,0x000EBC,19.61,5.86,1.19,,1722931580.513
$PEKIO,COORD,012,0x000EBC,19.65,5.89,1.18,,1722931580.612
$PEKIO,COORD,013,0x000EBC,19.68,5.92,1.18,,1722931580.708
$PEKIO,COORD,014,0x000EBC,19.72,5.95,1.18,,1722931580.808
$PEKIO,COORD,015,0x000EBC,19.75,5.98,1.17,,1722931580.903
$PEKIO,COORD,016,0x000EBC,19.77,6.01,1.16,,1722931581.000
$PEKIO,COORD,017,0x000EBC,19.79,6.04,1.14,,1722931581.101
$PEKIO,COORD,018,0x000EBC,19.80,6.07,1.12,,1722931581.197
$PEKIO,COORD,019,0x000EBC,19.80,6.11,1.09,,1722931581.294
$PEKIO,COORD,020,0x000EBC,19.81,6.14,1.07,,1722931581.392
$PEKIO,COORD,021,0x000EBC,19.81,6.17,1.04,,1722931581.492
$PEKIO,COORD,022,0x000EBC,19.81,6.19,1.02,,1722931581.587
$PEKIO,COORD,023,0x000EBC,19.81,6.21,1.00,,1722931581.686
$PEKIO,COORD,024,0x000EBC,19.81,6.23,0.98,,1722931581.783
$PEKIO,COORD,025,0x000EBC,19.82,6.25,0.96,,1722931581.880
$PEKIO,COORD,026,0x000EBC,19.82,6.26,0.94,,1722931581.980
$PEKIO,COORD,027,0x000EBC,19.83,6.27,0.93,,1722931582.076
$PEKIO,COORD,028,0x000EBC,19.83,6.29,0.92,,1722931582.175
