$PEKIO,COORD,042,0x001A79,2.49,-5.86,1.26,,1726450187.818
$PEKIO,COORD,043,0x001A79,2.49,-5.87,1.26,,1726450187.918
$PEKIO,COORD,044,0x001A79,2.48,-5.88,1.25,,1726450188.019
$PEKIO,COORD,045,0x001A79,2.48,-5.89,1.25,,1726450188.119
$PEKIO,COORD,046,0x001A79,2.48,-5.89,1.25,,1726450188.221
$PEKIO,COORD,208,0x001A2C,3.28,-5.79,1.16,,1726450188.232
$PEKIO,COORD,047,0x001A79,2.47,-5.88,1.24,,1726450188.320
$PEKIO,COORD,048,0x001A79,2.47,-5.85,1.24,,1726450188.420
$PEKIO,COORD,049,0x001A79,2.47,-5.83,1.23,,1726450188.522
$PEKIO,COORD,050,0x001A79,2.48,-5.83,1.22,,1726450188.621
$PEKIO,COORD,051,0x001A79,2.49,-5.83,1.22,,1726450188.721
$PEKIO,COORD,052,0x001A79,2.49,-5.84,1.22,,1726450188.821
$PEKIO,COORD,053,0x001A79,2.49,-5.84,1.22,,1726450188.922
$PEKIO,COORD,054,0x001A79,2.50,-5.85,1.22,,1726450189.023
$PEKIO,COORD,055,0x001A79,2.49,-5.85,1.22,,1726450189.125
$PEKIO,COORD,209,0x001A2C,3.29,-5.79,1.17,,1726450189.209
$PEKIO,COORD,056,0x001A79,2.45,-5.84,1.21,,1726450189.223
$PEKIO,COORD,057,0x001A79,2.40,-5.82,1.20,Math: Not enough data.,1726450189.323
$PEKIO,COORD,210,0x001A2C,3.31,-5.67,1.20,,1726450189.350
$PEKIO,COORD,058,0x001A79,2.34,-5.80,1.18,Math: Not enough data.,1726450189.425
$PEKIO,COORD,211,0x001A2C,3.31,-5.67,1.20,,1726450189.465
$PEKIO,COORD,059,0x001A79,2.32,-5.80,1.19,,1726450189.525
$PEKIO,COORD,212,0x001A2C,3.31,-5.67,1.21,,1726450189.551
$PEKIO,COORD,060,0x001A79,2.34,-5.83,1.21,,1726450189.624
$PEKIO,COORD,213,0x001A2C,3.31,-5.69,1.21,,1726450189.665
$PEKIO,COORD,061,0x001A79,2.36,-5.86,1.22,,1726450189.725
$PEKIO,COORD,214,0x001A2C,3.30,-5.71,1.20,,1726450189.770
$PEKIO,COORD,062,0x001A79,2.40,-5.90,1.25,,1726450189.825
$PEKIO,COORD,215,0x001A2C,3.29,-5.74,1.20,,1726450189.852
$PEKIO,COORD,063,0x001A79,2.43,-5.93,1.26,,1726450189.927
$PEKIO,COORD,216,0x001A2C,3.28,-5.77,1.19,,1726450189.971
$PEKIO,COORD,064,0x001A79,2.48,-5.94,1.27,,1726450190.026
$PEKIO,COORD,217,0x001A2C,3.26,-5.79,1.19,,1726450190.053
$PEKIO,COORD,065,0x001A79,2.54,-5.96,1.27,,1726450190.126
$PEKIO,COORD,218,0x001A2C,3.24,-5.82,1.18,,1726450190.171
$PEKIO,COORD,066,0x001A79,2.62,-5.98,1.26,,1726450190.228
$PEKIO,COORD,219,0x001A2C,3.22,-5.86,1.18,,1726450190.270
$PEKIO,COORD,067,0x001A79,2.71,-6.00,1.27,,1726450190.328
$PEKIO,COORD,220,0x001A2C,3.19,-5.89,1.18,,1726450190.369
$PEKIO,COORD,068,0x001A79,2.78,-6.03,1.27,,1726450190.429
$PEKIO,COORD,221,0x001A2C,3.17,-5.92,1.18,,1726450190.453
$PEKIO,COORD,069,0x001A79,2.85,-6.05,1.27,,1726450190.528
$PEKIO,COORD,222,0x001A2C,3.15,-5.94,1.18,,1726450190.556
$PEKIO,COORD,070,0x001A79,2.90,-6.07,1.28,,1726450190.629
$PEKIO,COORD,223,0x001A2C,3.14,-5.95,1.17,,1726450190.654
$PEKIO,COORD,071,0x001A79,2.93,-6.08,1.27,,1726450190.730
$PEKIO,COORD,224,0x001A2C,3.14,-5.97,1.17,,1726450190.754
$PEKIO,COORD,072,0x001A79,2.94,-6.08,1.26,,1726450190.829
$PEKIO,COORD,225,0x001A2C,3.15,-5.97,1.16,,1726450190.857
$PEKIO,COORD,073,0x001A79,2.93,-6.07,1.25,Math: Not enough data.,1726450190.929
$PEKIO,COORD,226,0x001A2C,3.16,-5.97,1.15,,1726450190.955
$PEKIO,COORD,074,0x001A79,2.90,-6.06,1.25,,1726450191.030
$PEKIO,COORD,227,0x001A2C,3.17,-5.96,1.14,,1726450191.055
$PEKIO,COORD,075,0x001A79,2.86,-6.06,1.27,,1726450191.133
$PEKIO,COORD,228,0x001A2C,3.19,-5.95,1.13,,1726450191.156
$PEKIO,COORD,076,0x001A79,2.81,-6.06,1.30,,1726450191.231
$PEKIO,COORD,229,0x001A2C,3.20,-5.93,1.12,,1726450191.256
$PEKIO,COORD,077,0x001A79,2.77,-6.03,1.32,,1726450191.333
$PEKIO,COORD,230,0x001A2C,3.22,-5.92,1.11,,1726450191.357
$PEKIO,COORD,078,0x001A79,2.75,-5.99,1.32,,1726450191.432
$PEKIO,COORD,231,0x001A2C,3.24,-5.92,1.10,,1726450191.457
$PEKIO,COORD,079,0x001A79,2.73,-5.95,1.32,,1726450191.532
$PEKIO,COORD,232,0x001A2C,3.26,-5.92,1.09,,1726450191.558
$PEKIO,COORD,080,0x001A79,2.72,-5.91,1.32,,1726450191.632
$PEKIO,COORD,233,0x001A2C,3.27,-5.92,1.09,,1726450191.657
$PEKIO,COORD,081,0x001A79,2.72,-5.88,1.32,,1726450191.733
$PEKIO,COORD,234,0x001A2C,3.29,-5.93,1.09,,1726450191.757
$PEKIO,COORD,082,0x001A79,2.73,-5.87,1.32,,1726450191.833
$PEKIO,COORD,235,0x001A2C,3.31,-5.94,1.09,,1726450191.857
$PEKIO,COORD,083,0x001A79,2.75,-5.88,1.30,,1726450191.935
$PEKIO,COORD,236,0x001A2C,3.33,-5.96,1.09,,1726450191.959
$PEKIO,COORD,084,0x001A79,2.80,-5.90,1.29,,1726450192.034
$PEKIO,COORD,237,0x001A2C,3.35,-5.98,1.09,,1726450192.058
$PEKIO,COORD,085,0x001A79,2.87,-5.92,1.26,,1726450192.134
$PEKIO,COORD,238,0x001A2C,3.38,-6.02,1.10,,1726450192.161
$PEKIO,COORD,086,0x001A79,2.94,-5.91,1.24,,1726450192.237
$PEKIO,COORD,239,0x001A2C,3.40,-6.06,1.10,,1726450192.258
$PEKIO,COORD,087,0x001A79,3.01,-5.88,1.24,,1726450192.337
$PEKIO,COORD,240,0x001A2C,3.41,-6.09,1.11,,1726450192.359
$PEKIO,COORD,088,0x001A79,3.09,-5.83,1.24,,1726450192.437
$PEKIO,COORD,241,0x001A2C,3.42,-6.13,1.12,,1726450192.477
$PEKIO,COORD,089,0x001A79,3.15,-5.78,1.25,,1726450192.538
$PEKIO,COORD,242,0x001A2C,3.44,-6.16,1.12,,1726450192.582
$PEKIO,COORD,090,0x001A79,3.19,-5.74,1.25,,1726450192.637
$PEKIO,COORD,243,0x001A2C,3.45,-6.19,1.13,,1726450192.660
$PEKIO,COORD,091,0x001A79,3.20,-5.70,1.25,,1726450192.737
$PEKIO,COORD,244,0x001A2C,3.47,-6.22,1.14,,1726450192.762
$PEKIO,COORD,092,0x001A79,3.21,-5.69,1.24,,1726450192.838
$PEKIO,COORD,245,0x001A2C,3.50,-6.24,1.14,,1726450192.860
$PEKIO,COORD,093,0x001A79,3.23,-5.70,1.24,,1726450192.937
$PEKIO,COORD,246,0x001A2C,3.53,-6.26,1.14,,1726450192.961
$PEKIO,COORD,094,0x001A79,3.27,-5.72,1.23,,1726450193.038
$PEKIO,COORD,247,0x001A2C,3.57,-6.27,1.14,,1726450193.063
$PEKIO,COORD,095,0x001A79,3.31,-5.74,1.22,,1726450193.140
$PEKIO,COORD,248,0x001A2C,3.61,-6.28,1.12,,1726450193.161
$PEKIO,COORD,096,0x001A79,3.35,-5.78,1.21,,1726450193.238
$PEKIO,COORD,249,0x001A2C,3.64,-6.28,1.10,,1726450193.262
$PEKIO,COORD,097,0x001A79,3.38,-5.84,1.19,,1726450193.340
$PEKIO,COORD,250,0x001A2C,3.67,-6.29,1.08,,1726450193.362
$PEKIO,COORD,098,0x001A79,3.41,-5.90,1.18,,1726450193.441
$PEKIO,COORD,251,0x001A2C,3.67,-6.29,1.08,,1726450193.462
$PEKIO,COORD,099,0x001A79,3.44,-5.96,1.17,,1726450193.540
$PEKIO,COORD,252,0x001A2C,3.67,-6.30,1.08,,1726450193.564
$PEKIO,COORD,100,0x001A79,3.47,-6.00,1.17,,1726450193.641
$PEKIO,COORD,253,0x001A2C,3.65,-6.30,1.09,,1726450193.664
$PEKIO,COORD,101,0x001A79,3.48,-6.01,1.18,,1726450193.740
$PEKIO,COORD,254,0x001A2C,3.64,-6.30,1.11,,1726450193.763
$PEKIO,COORD,102,0x001A79,3.50,-6.00,1.19,,1726450193.843
$PEKIO,COORD,255,0x001A2C,3.63,-6.29,1.12,,1726450193.866
$PEKIO,COORD,103,0x001A79,3.51,-5.98,1.19,,1726450193.942
$PEKIO,COORD,000,0x001A2C,3.63,-6.28,1.12,,1726450193.965
$PEKIO,COORD,104,0x001A79,3.51,-5.95,1.20,,1726450194.042
$PEKIO,COORD,001,0x001A2C,3.65,-6.27,1.13,,1726450194.065
$PEKIO,COORD,105,0x001A79,3.52,-5.92,1.19,,1726450194.142
$PEKIO,COORD,002,0x001A2C,3.66,-6.27,1.13,,1726450194.166
$PEKIO,COORD,106,0x001A79,3.54,-5.90,1.19,,1726450194.244
$PEKIO,COORD,003,0x001A2C,3.69,-6.26,1.12,,1726450194.265
$PEKIO,COORD,107,0x001A79,3.55,-5.88,1.18,,1726450194.344
$PEKIO,COORD,004,0x001A2C,3.72,-6.26,1.12,,1726450194.387
$PEKIO,COORD,108,0x001A79,3.57,-5.86,1.16,,1726450194.444
$PEKIO,COORD,005,0x001A2C,3.74,-6.25,1.12,,1726450194.485
$PEKIO,COORD,109,0x001A79,3.58,-5.83,1.14,,1726450194.544
$PEKIO,COORD,006,0x001A2C,3.75,-6.24,1.12,,1726450194.568
$PEKIO,COORD,110,0x001A79,3.59,-5.81,1.13,,1726450194.646
$PEKIO,COORD,007,0x001A2C,3.75,-6.22,1.12,,1726450194.666
$PEKIO,COORD,111,0x001A79,3.60,-5.79,1.13,,1726450194.744
$PEKIO,COORD,008,0x001A2C,3.75,-6.20,1.13,,1726450194.766
$PEKIO,COORD,112,0x001A79,3.61,-5.78,1.13,,1726450194.846
$PEKIO,COORD,009,0x001A2C,3.75,-6.17,1.13,,1726450194.866
$PEKIO,COORD,113,0x001A79,3.63,-5.77,1.15,,1726450194.947
$PEKIO,COORD,010,0x001A2C,3.76,-6.15,1.14,,1726450194.967
$PEKIO,COORD,114,0x001A79,3.64,-5.75,1.16,,1726450195.045
$PEKIO,COORD,011,0x001A2C,3.78,-6.13,1.15,,1726450195.070
$PEKIO,COORD,115,0x001A79,3.66,-5.73,1.18,,1726450195.147
$PEKIO,COORD,012,0x001A2C,3.81,-6.10,1.16,,1726450195.170
$PEKIO,COORD,116,0x001A79,3.68,-5.70,1.19,,1726450195.246
$PEKIO,COORD,013,0x001A2C,3.84,-6.07,1.16,,1726450195.269
$PEKIO,COORD,117,0x001A79,3.68,-5.63,1.21,,1726450195.348
$PEKIO,COORD,014,0x001A2C,3.87,-6.04,1.16,,1726450195.370
$PEKIO,COORD,118,0x001A79,3.68,-5.56,1.22,,1726450195.446
$PEKIO,COORD,015,0x001A2C,3.89,-6.00,1.15,,1726450195.468
$PEKIO,COORD,119,0x001A79,3.68,-5.49,1.23,,1726450195.547
$PEKIO,COORD,016,0x001A2C,3.92,-5.97,1.15,,1726450195.569
$PEKIO,COORD,120,0x001A79,3.67,-5.45,1.23,,1726450195.647
$PEKIO,COORD,017,0x001A2C,3.95,-5.94,1.15,,1726450195.670
$PEKIO,COORD,121,0x001A79,3.67,-5.42,1.24,,1726450195.748
$PEKIO,COORD,018,0x001A2C,3.98,-5.91,1.14,,1726450195.769
$PEKIO,COORD,122,0x001A79,3.67,-5.38,1.25,,1726450195.849
$PEKIO,COORD,019,0x001A2C,4.01,-5.87,1.13,,1726450195.870
$PEKIO,COORD,123,0x001A79,3.68,-5.34,1.25,,1726450195.948
$PEKIO,COORD,020,0x001A2C,4.04,-5.83,1.13,,1726450195.972
$PEKIO,COORD,124,0x001A79,3.68,-5.27,1.26,,1726450196.050
$PEKIO,COORD,021,0x001A2C,4.07,-5.78,1.12,,1726450196.070
$PEKIO,COORD,125,0x001A79,3.67,-5.17,1.27,,1726450196.149
$PEKIO,COORD,022,0x001A2C,4.08,-5.74,1.12,,1726450196.172
$PEKIO,COORD,126,0x001A79,3.65,-5.05,1.27,,1726450196.250
$PEKIO,COORD,023,0x001A2C,4.09,-5.70,1.11,,1726450196.270
$PEKIO,COORD,127,0x001A79,3.63,-4.94,1.28,,1726450196.352
$PEKIO,COORD,024,0x001A2C,4.10,-5.67,1.11,,1726450196.372
$PEKIO,COORD,128,0x001A79,3.62,-4.84,1.29,,1726450196.451
$PEKIO,COORD,025,0x001A2C,4.09,-5.65,1.11,,1726450196.494
$PEKIO,COORD,129,0x001A79,3.61,-4.77,1.30,,1726450196.551
$PEKIO,COORD,026,0x001A2C,4.08,-5.60,1.12,,1726450196.596
$PEKIO,COORD,130,0x001A79,3.60,-4.72,1.30,,1726450196.651
$PEKIO,COORD,027,0x001A2C,4.07,-5.51,1.12,,1726450196.696
$PEKIO,COORD,131,0x001A79,3.59,-4.69,1.31,,1726450196.751
$PEKIO,COORD,028,0x001A2C,4.07,-5.38,1.14,,1726450196.794
$PEKIO,COORD,132,0x001A79,3.60,-4.69,1.29,,1726450196.852
$PEKIO,COORD,029,0x001A2C,4.07,-5.21,1.15,,1726450196.896
$PEKIO,COORD,133,0x001A79,3.63,-4.71,1.26,,1726450196.952
$PEKIO,COORD,030,0x001A2C,4.08,-5.06,1.17,,1726450196.993
$PEKIO,COORD,134,0x001A79,3.68,-4.77,1.21,,1726450197.053
$PEKIO,COORD,031,0x001A2C,4.10,-4.93,1.18,,1726450197.093
$PEKIO,COORD,135,0x001A79,3.71,-4.80,1.17,,1726450197.154
$PEKIO,COORD,032,0x001A2C,4.14,-4.83,1.20,,1726450197.197
$PEKIO,COORD,136,0x001A79,3.71,-4.78,1.14,,1726450197.255
$PEKIO,COORD,033,0x001A2C,4.18,-4.73,1.21,,1726450197.297
$PEKIO,COORD,137,0x001A79,3.70,-4.73,1.12,,1726450197.353
$PEKIO,COORD,034,0x001A2C,4.23,-4.64,1.22,,1726450197.399
$PEKIO,COORD,138,0x001A79,3.68,-4.65,1.11,,1726450197.454
$PEKIO,COORD,035,0x001A2C,4.29,-4.55,1.22,,1726450197.497
$PEKIO,COORD,139,0x001A79,3.67,-4.62,1.10,,1726450197.555
$PEKIO,COORD,036,0x001A2C,4.34,-4.46,1.22,,1726450197.597
$PEKIO,COORD,140,0x001A79,3.66,-4.61,1.09,,1726450197.657
$PEKIO,COORD,037,0x001A2C,4.38,-4.38,1.22,,1726450197.699
$PEKIO,COORD,141,0x001A79,3.64,-4.62,1.10,,1726450197.755
$PEKIO,COORD,038,0x001A2C,4.41,-4.31,1.22,,1726450197.777
$PEKIO,COORD,142,0x001A79,3.62,-4.64,1.11,,1726450197.855
$PEKIO,COORD,039,0x001A2C,4.43,-4.26,1.22,,1726450197.897
$PEKIO,COORD,143,0x001A79,3.58,-4.62,1.12,,1726450197.957
$PEKIO,COORD,040,0x001A2C,4.45,-4.21,1.21,,1726450197.998
$PEKIO,COORD,144,0x001A79,3.54,-4.57,1.13,,1726450198.056
$PEKIO,COORD,041,0x001A2C,4.46,-4.17,1.21,,1726450198.076
$PEKIO,COORD,145,0x001A79,3.50,-4.51,1.14,,1726450198.157
$PEKIO,COORD,042,0x001A2C,4.46,-4.13,1.21,,1726450198.177
$PEKIO,COORD,146,0x001A79,3.47,-4.47,1.14,Math: Not enough data.,1726450198.258
$PEKIO,COORD,043,0x001A2C,4.46,-4.08,1.22,,1726450198.278
$PEKIO,COORD,147,0x001A79,3.46,-4.39,1.16,,1726450198.357
$PEKIO,COORD,044,0x001A2C,4.45,-4.03,1.22,,1726450198.381
$PEKIO,COORD,148,0x001A79,3.46,-4.30,1.18,,1726450198.458
$PEKIO,COORD,045,0x001A2C,4.41,-3.96,1.22,,1726450198.502
$PEKIO,COORD,149,0x001A79,3.47,-4.19,1.20,,1726450198.558
$PEKIO,COORD,046,0x001A2C,4.33,-3.88,1.21,,1726450198.603
$PEKIO,COORD,150,0x001A79,3.50,-4.07,1.22,,1726450198.658
$PEKIO,COORD,047,0x001A2C,4.22,-3.78,1.20,,1726450198.703
$PEKIO,COORD,151,0x001A79,3.50,-3.95,1.23,,1726450198.760
$PEKIO,COORD,048,0x001A2C,4.08,-3.67,1.18,,1726450198.782
$PEKIO,COORD,152,0x001A79,3.48,-3.84,1.23,,1726450198.861
$PEKIO,COORD,049,0x001A2C,3.95,-3.57,1.17,,1726450198.884
$PEKIO,COORD,153,0x001A79,3.44,-3.72,1.23,Math: Not enough data.,1726450198.960
$PEKIO,COORD,050,0x001A2C,3.85,-3.49,1.16,,1726450199.001
$PEKIO,COORD,154,0x001A79,3.40,-3.62,1.22,,1726450199.060
$PEKIO,COORD,051,0x001A2C,3.76,-3.44,1.16,,1726450199.083
$PEKIO,COORD,155,0x001A79,3.36,-3.58,1.20,,1726450199.161
$PEKIO,COORD,052,0x001A2C,3.69,-3.40,1.16,,1726450199.201
$PEKIO,COORD,156,0x001A79,3.34,-3.57,1.17,,1726450199.261
$PEKIO,COORD,053,0x001A2C,3.61,-3.36,1.16,,1726450199.303
$PEKIO,COORD,157,0x001A79,3.31,-3.58,1.15,,1726450199.361
$PEKIO,COORD,054,0x001A2C,3.52,-3.33,1.16,,1726450199.384
$PEKIO,COORD,158,0x001A79,3.29,-3.61,1.12,,1726450199.463
$PEKIO,COORD,055,0x001A2C,3.40,-3.29,1.16,,1726450199.485
$PEKIO,COORD,159,0x001A79,3.25,-3.61,1.10,,1726450199.561
$PEKIO,COORD,056,0x001A2C,3.28,-3.24,1.16,,1726450199.584
$PEKIO,COORD,160,0x001A79,3.17,-3.57,1.11,,1726450199.663
$PEKIO,COORD,057,0x001A2C,3.16,-3.19,1.15,,1726450199.684
$PEKIO,COORD,161,0x001A79,3.06,-3.50,1.12,,1726450199.763
$PEKIO,COORD,058,0x001A2C,3.07,-3.14,1.14,,1726450199.786
$PEKIO,COORD,162,0x001A79,2.95,-3.43,1.14,,1726450199.863
$PEKIO,COORD,059,0x001A2C,2.99,-3.10,1.13,,1726450199.884
$PEKIO,COORD,163,0x001A79,2.85,-3.36,1.16,,1726450199.965
$PEKIO,COORD,060,0x001A2C,2.91,-3.06,1.11,,1726450200.006
$PEKIO,COORD,164,0x001A79,2.77,-3.29,1.18,Math: Not enough data.,1726450200.063
$PEKIO,COORD,061,0x001A2C,2.84,-3.04,1.11,,1726450200.105
$PEKIO,COORD,165,0x001A79,2.69,-3.23,1.19,,1726450200.165
$PEKIO,COORD,062,0x001A2C,2.78,-3.02,1.11,,1726450200.207
$PEKIO,COORD,166,0x001A79,2.62,-3.18,1.21,,1726450200.264
$PEKIO,COORD,063,0x001A2C,2.72,-3.00,1.12,,1726450200.306
$PEKIO,COORD,167,0x001A79,2.56,-3.15,1.22,,1726450200.366
$PEKIO,COORD,064,0x001A2C,2.66,-3.00,1.13,,1726450200.405
$PEKIO,COORD,168,0x001A79,2.50,-3.13,1.23,,1726450200.465
$PEKIO,COORD,065,0x001A2C,2.62,-2.99,1.14,,1726450200.510
$PEKIO,COORD,169,0x001A79,2.45,-3.13,1.24,,1726450200.566
$PEKIO,COORD,066,0x001A2C,2.58,-2.99,1.16,,1726450200.614
$PEKIO,COORD,170,0x001A79,2.39,-3.14,1.26,,1726450200.666
$PEKIO,COORD,067,0x001A2C,2.55,-2.99,1.17,,1726450200.709
$PEKIO,COORD,171,0x001A79,2.34,-3.17,1.27,Math: Not enough data.,1726450200.766
$PEKIO,COORD,068,0x001A2C,2.50,-3.00,1.19,,1726450200.809
$PEKIO,COORD,172,0x001A79,2.29,-3.20,1.28,,1726450200.867
$PEKIO,COORD,069,0x001A2C,2.46,-3.03,1.20,,1726450200.909
$PEKIO,COORD,173,0x001A79,2.23,-3.23,1.28,,1726450200.969
$PEKIO,COORD,070,0x001A2C,2.40,-3.07,1.22,,1726450200.990
$PEKIO,COORD,174,0x001A79,2.17,-3.25,1.27,,1726450201.069
$PEKIO,COORD,071,0x001A2C,2.34,-3.13,1.23,,1726450201.090
$PEKIO,COORD,175,0x001A79,2.09,-3.28,1.27,,1726450201.168
$PEKIO,COORD,072,0x001A2C,2.29,-3.18,1.23,,1726450201.190
$PEKIO,COORD,176,0x001A79,2.02,-3.30,1.26,,1726450201.270
$PEKIO,COORD,073,0x001A2C,2.23,-3.22,1.23,,1726450201.290
$PEKIO,COORD,177,0x001A79,1.96,-3.33,1.26,,1726450201.369
$PEKIO,COORD,074,0x001A2C,2.15,-3.25,1.21,,1726450201.390
$PEKIO,COORD,178,0x001A79,1.90,-3.36,1.26,,1726450201.469
$PEKIO,COORD,075,0x001A2C,2.06,-3.29,1.20,,1726450201.490
$PEKIO,COORD,179,0x001A79,1.85,-3.39,1.26,,1726450201.571
$PEKIO,COORD,076,0x001A2C,1.97,-3.33,1.19,,1726450201.592
$PEKIO,COORD,180,0x001A79,1.81,-3.44,1.26,,1726450201.670
$PEKIO,COORD,077,0x001A2C,1.90,-3.37,1.17,,1726450201.691
$PEKIO,COORD,181,0x001A79,1.77,-3.48,1.28,,1726450201.773
$PEKIO,COORD,078,0x001A2C,1.84,-3.40,1.16,,1726450201.791
$PEKIO,COORD,182,0x001A79,1.74,-3.53,1.29,,1726450201.870
$PEKIO,COORD,079,0x001A2C,1.80,-3.44,1.15,Math: Not enough data.,1726450201.917
$PEKIO,COORD,183,0x001A79,1.71,-3.58,1.30,,1726450201.971
$PEKIO,COORD,080,0x001A2C,1.75,-3.49,1.15,,1726450202.014
$PEKIO,COORD,184,0x001A79,1.69,-3.66,1.29,,1726450202.071
$PEKIO,COORD,081,0x001A2C,1.69,-3.57,1.16,,1726450202.114
$PEKIO,COORD,185,0x001A79,1.67,-3.74,1.29,,1726450202.172
$PEKIO,COORD,082,0x001A2C,1.62,-3.67,1.17,,1726450202.194
$PEKIO,COORD,186,0x001A79,1.66,-3.83,1.28,,1726450202.272
$PEKIO,COORD,083,0x001A2C,1.54,-3.79,1.19,,1726450202.315
$PEKIO,COORD,187,0x001A79,1.65,-3.92,1.27,,1726450202.374
$PEKIO,COORD,084,0x001A2C,1.47,-3.89,1.22,,1726450202.413
$PEKIO,COORD,188,0x001A79,1.66,-3.96,1.25,,1726450202.473
$PEKIO,COORD,085,0x001A2C,1.40,-3.97,1.23,,1726450202.514
$PEKIO,COORD,189,0x001A79,1.68,-3.99,1.22,,1726450202.575
$PEKIO,COORD,086,0x001A2C,1.34,-4.04,1.23,,1726450202.594
$PEKIO,COORD,190,0x001A79,1.72,-4.04,1.19,,1726450202.674
$PEKIO,COORD,087,0x001A2C,1.28,-4.09,1.22,,1726450202.693
$PEKIO,COORD,191,0x001A79,1.75,-4.14,1.18,,1726450202.774
$PEKIO,COORD,088,0x001A2C,1.24,-4.13,1.20,,1726450202.794
$PEKIO,COORD,192,0x001A79,1.76,-4.25,1.18,,1726450202.874
$PEKIO,COORD,089,0x001A2C,1.20,-4.17,1.19,,1726450202.894
$PEKIO,COORD,193,0x001A79,1.77,-4.33,1.18,,1726450202.974
$PEKIO,COORD,090,0x001A2C,1.18,-4.20,1.17,,1726450202.994
$PEKIO,COORD,194,0x001A79,1.77,-4.40,1.19,,1726450203.075
$PEKIO,COORD,091,0x001A2C,1.18,-4.23,1.14,,1726450203.095
$PEKIO,COORD,195,0x001A79,1.76,-4.46,1.20,,1726450203.175
$PEKIO,COORD,092,0x001A2C,1.18,-4.26,1.11,,1726450203.196
$PEKIO,COORD,196,0x001A79,1.74,-4.50,1.21,,1726450203.275
$PEKIO,COORD,093,0x001A2C,1.20,-4.30,1.08,,1726450203.297
$PEKIO,COORD,197,0x001A79,1.72,-4.53,1.23,,1726450203.377
$PEKIO,COORD,094,0x001A2C,1.20,-4.35,1.07,,1726450203.398
$PEKIO,COORD,198,0x001A79,1.69,-4.54,1.25,,1726450203.476
$PEKIO,COORD,095,0x001A2C,1.20,-4.42,1.06,,1726450203.496
$PEKIO,COORD,199,0x001A79,1.69,-4.63,1.25,,1726450203.578
$PEKIO,COORD,096,0x001A2C,1.19,-4.50,1.07,,1726450203.597
$PEKIO,COORD,200,0x001A79,1.69,-4.80,1.25,,1726450203.678
$PEKIO,COORD,097,0x001A2C,1.20,-4.60,1.08,,1726450203.698
$PEKIO,COORD,201,0x001A79,1.71,-5.02,1.24,,1726450203.778
$PEKIO,COORD,098,0x001A2C,1.22,-4.70,1.09,,1726450203.822
$PEKIO,COORD,202,0x001A79,1.73,-5.21,1.23,Math: Not enough data.,1726450203.878
$PEKIO,COORD,099,0x001A2C,1.26,-4.82,1.10,,1726450203.897
$PEKIO,COORD,203,0x001A79,1.75,-5.37,1.22,,1726450203.978
$PEKIO,COORD,100,0x001A2C,1.30,-4.95,1.11,,1726450203.999
$PEKIO,COORD,204,0x001A79,1.77,-5.53,1.20,,1726450204.078
$PEKIO,COORD,101,0x001A2C,1.33,-5.06,1.13,,1726450204.100
$PEKIO,COORD,205,0x001A79,1.79,-5.66,1.18,,1726450204.181
$PEKIO,COORD,102,0x001A2C,1.34,-5.17,1.15,,1726450204.201
$PEKIO,COORD,206,0x001A79,1.80,-5.78,1.16,,1726450204.279
$PEKIO,COORD,103,0x001A2C,1.35,-5.28,1.16,,1726450204.300
$PEKIO,COORD,207,0x001A79,1.80,-5.87,1.14,,1726450204.380
$PEKIO,COORD,104,0x001A2C,1.34,-5.39,1.17,,1726450204.400
$PEKIO,COORD,208,0x001A79,1.79,-5.90,1.14,,1726450204.482
$PEKIO,COORD,105,0x001A2C,1.33,-5.50,1.17,,1726450204.501
$PEKIO,COORD,209,0x001A79,1.77,-5.90,1.14,,1726450204.582
$PEKIO,COORD,106,0x001A2C,1.31,-5.60,1.18,,1726450204.602
$PEKIO,COORD,210,0x001A79,1.75,-5.87,1.13,,1726450204.680
$PEKIO,COORD,107,0x001A2C,1.30,-5.68,1.18,,1726450204.702
$PEKIO,COORD,211,0x001A79,1.73,-5.83,1.11,,1726450204.782
$PEKIO,COORD,108,0x001A2C,1.29,-5.75,1.19,,1726450204.802
$PEKIO,COORD,212,0x001A79,1.74,-5.77,1.09,,1726450204.882
$PEKIO,COORD,109,0x001A2C,1.28,-5.81,1.20,,1726450204.900
$PEKIO,COORD,213,0x001A79,1.75,-5.74,1.07,,1726450204.983
$PEKIO,COORD,110,0x001A2C,1.29,-5.88,1.21,,1726450205.001
$PEKIO,COORD,214,0x001A79,1.76,-5.72,1.06,,1726450205.082
$PEKIO,COORD,111,0x001A2C,1.31,-5.96,1.23,,1726450205.127
$PEKIO,COORD,215,0x001A79,1.77,-5.77,1.07,,1726450205.187
$PEKIO,COORD,112,0x001A2C,1.33,-6.04,1.24,,1726450205.230
$PEKIO,COORD,216,0x001A79,1.77,-5.85,1.09,,1726450205.287
$PEKIO,COORD,113,0x001A2C,1.35,-6.13,1.25,,1726450205.330
$PEKIO,COORD,217,0x001A79,1.77,-5.95,1.13,,1726450205.387
$PEKIO,COORD,114,0x001A2C,1.38,-6.22,1.26,,1726450205.429
$PEKIO,COORD,218,0x001A79,1.77,-6.05,1.17,,1726450205.488
$PEKIO,COORD,115,0x001A2C,1.41,-6.28,1.26,,1726450205.503
$PEKIO,COORD,219,0x001A79,1.78,-6.15,1.20,,1726450205.587
$PEKIO,COORD,116,0x001A2C,1.44,-6.35,1.26,,1726450205.603
$PEKIO,COORD,220,0x001A79,1.80,-6.27,1.22,,1726450205.687
$PEKIO,COORD,117,0x001A2C,1.47,-6.41,1.25,,1726450205.703
$PEKIO,COORD,221,0x001A79,1.82,-6.37,1.25,,1726450205.788
$PEKIO,COORD,118,0x001A2C,1.50,-6.48,1.24,,1726450205.804
$PEKIO,COORD,222,0x001A79,1.84,-6.44,1.26,,1726450205.890
$PEKIO,COORD,119,0x001A2C,1.53,-6.55,1.23,,1726450205.905
$PEKIO,COORD,223,0x001A79,1.85,-6.47,1.24,,1726450205.989
$PEKIO,COORD,120,0x001A2C,1.55,-6.61,1.23,,1726450206.005
$PEKIO,COORD,224,0x001A79,1.86,-6.46,1.20,,1726450206.089
$PEKIO,COORD,121,0x001A2C,1.57,-6.67,1.22,,1726450206.105
$PEKIO,COORD,225,0x001A79,1.87,-6.44,1.18,,1726450206.192
$PEKIO,COORD,122,0x001A2C,1.58,-6.72,1.21,,1726450206.234
$PEKIO,COORD,226,0x001A79,1.90,-6.43,1.19,,1726450206.292
$PEKIO,COORD,123,0x001A2C,1.58,-6.74,1.20,,1726450206.338
$PEKIO,COORD,227,0x001A79,1.94,-6.43,1.22,,1726450206.390
$PEKIO,COORD,124,0x001A2C,1.58,-6.75,1.19,,1726450206.433
$PEKIO,COORD,228,0x001A79,2.01,-6.44,1.24,,1726450206.490
$PEKIO,COORD,125,0x001A2C,1.57,-6.74,1.17,,1726450206.534
$PEKIO,COORD,229,0x001A79,2.07,-6.44,1.26,,1726450206.592
$PEKIO,COORD,126,0x001A2C,1.60,-6.72,1.16,,1726450206.635
$PEKIO,COORD,230,0x001A79,2.12,-6.45,1.27,,1726450206.693
$PEKIO,COORD,127,0x001A2C,1.67,-6.70,1.16,,1726450206.734
$PEKIO,COORD,231,0x001A79,2.17,-6.45,1.28,,1726450206.791
$PEKIO,COORD,128,0x001A2C,1.79,-6.69,1.17,,1726450206.807
$PEKIO,COORD,232,0x001A79,2.18,-6.45,1.28,,1726450206.893
$PEKIO,COORD,129,0x001A2C,1.93,-6.68,1.20,,1726450206.908
$PEKIO,COORD,233,0x001A79,2.16,-6.43,1.26,,1726450206.992
$PEKIO,COORD,130,0x001A2C,2.07,-6.68,1.22,,1726450207.033
$PEKIO,COORD,234,0x001A79,2.12,-6.40,1.23,,1726450207.093
$PEKIO,COORD,131,0x001A2C,2.19,-6.67,1.24,,1726450207.109
$PEKIO,COORD,235,0x001A79,2.08,-6.37,1.21,,1726450207.194
$PEKIO,COORD,132,0x001A2C,2.30,-6.65,1.24,,1726450207.208
$PEKIO,COORD,236,0x001A79,2.07,-6.31,1.20,,1726450207.294
$PEKIO,COORD,133,0x001A2C,2.40,-6.62,1.23,,1726450207.308
$PEKIO,COORD,237,0x001A79,2.07,-6.27,1.19,,1726450207.396
$PEKIO,COORD,134,0x001A2C,2.50,-6.57,1.22,,1726450207.408
$PEKIO,COORD,238,0x001A79,2.10,-6.24,1.18,,1726450207.496
$PEKIO,COORD,135,0x001A2C,2.58,-6.51,1.19,,1726450207.508
$PEKIO,COORD,239,0x001A79,2.15,-6.21,1.18,,1726450207.596
$PEKIO,COORD,136,0x001A2C,2.64,-6.46,1.17,,1726450207.611
$PEKIO,COORD,240,0x001A79,2.22,-6.21,1.20,,1726450207.695
$PEKIO,COORD,137,0x001A2C,2.70,-6.42,1.16,,1726450207.709
$PEKIO,COORD,241,0x001A79,2.27,-6.23,1.23,,1726450207.796
$PEKIO,COORD,138,0x001A2C,2.74,-6.39,1.15,Math: Not enough data.,1726450207.811
$PEKIO,COORD,242,0x001A79,2.30,-6.27,1.27,,1726450207.897
$PEKIO,COORD,139,0x001A2C,2.77,-6.36,1.15,,1726450207.912
$PEKIO,COORD,243,0x001A79,2.33,-6.30,1.31,,1726450207.998
$PEKIO,COORD,140,0x001A2C,2.81,-6.32,1.14,,1726450208.011
$PEKIO,COORD,244,0x001A79,2.38,-6.31,1.32,,1726450208.096
$PEKIO,COORD,141,0x001A2C,2.85,-6.27,1.13,,1726450208.110
$PEKIO,COORD,245,0x001A79,2.44,-6.30,1.33,,1726450208.199
$PEKIO,COORD,142,0x001A2C,2.89,-6.21,1.13,,1726450208.243
$PEKIO,COORD,246,0x001A79,2.50,-6.29,1.34,,1726450208.298
$PEKIO,COORD,143,0x001A2C,2.93,-6.15,1.13,,1726450208.341
$PEKIO,COORD,247,0x001A79,2.57,-6.26,1.33,,1726450208.399
$PEKIO,COORD,144,0x001A2C,2.96,-6.09,1.12,,1726450208.441
$PEKIO,COORD,248,0x001A79,2.61,-6.23,1.33,,1726450208.500
$PEKIO,COORD,145,0x001A2C,3.00,-6.05,1.13,,1726450208.544
$PEKIO,COORD,249,0x001A79,2.63,-6.19,1.33,,1726450208.600
$PEKIO,COORD,146,0x001A2C,3.04,-6.02,1.13,,1726450208.641
$PEKIO,COORD,250,0x001A79,2.63,-6.15,1.32,,1726450208.700
$PEKIO,COORD,147,0x001A2C,3.09,-5.98,1.15,,1726450208.712
$PEKIO,COORD,251,0x001A79,2.61,-6.11,1.31,,1726450208.800
$PEKIO,COORD,148,0x001A2C,3.13,-5.96,1.16,,1726450208.815
$PEKIO,COORD,252,0x001A79,2.58,-6.08,1.30,,1726450208.901
$PEKIO,COORD,149,0x001A2C,3.16,-5.96,1.16,,1726450208.943
$PEKIO,COORD,253,0x001A79,2.55,-6.07,1.30,,1726450209.003
$PEKIO,COORD,150,0x001A2C,3.17,-5.95,1.16,,1726450209.042
$PEKIO,COORD,254,0x001A79,2.52,-6.06,1.30,,1726450209.100
$PEKIO,COORD,151,0x001A2C,3.18,-5.95,1.15,,1726450209.145
$PEKIO,COORD,255,0x001A79,2.50,-6.06,1.30,,1726450209.201
$PEKIO,COORD,152,0x001A2C,3.20,-5.94,1.15,,1726450209.241
$PEKIO,COORD,000,0x001A79,2.49,-6.06,1.29,,1726450209.301
$PEKIO,COORD,153,0x001A2C,3.22,-5.92,1.15,,1726450209.313
$PEKIO,COORD,001,0x001A79,2.49,-6.04,1.28,,1726450209.403
$PEKIO,COORD,154,0x001A2C,3.24,-5.90,1.15,,1726450209.445
$PEKIO,COORD,002,0x001A79,2.50,-6.03,1.25,,1726450209.502
$PEKIO,COORD,155,0x001A2C,3.26,-5.87,1.16,,1726450209.545
$PEKIO,COORD,003,0x001A79,2.52,-6.01,1.22,,1726450209.602
$PEKIO,COORD,156,0x001A2C,3.26,-5.85,1.16,,1726450209.647
$PEKIO,COORD,004,0x001A79,2.53,-6.00,1.21,,1726450209.705
$PEKIO,COORD,157,0x001A2C,3.26,-5.83,1.16,,1726450209.716
$PEKIO,COORD,005,0x001A79,2.54,-6.00,1.20,,1726450209.803
$PEKIO,COORD,158,0x001A2C,3.24,-5.81,1.16,,1726450209.846
$PEKIO,COORD,006,0x001A79,2.54,-6.01,1.20,,1726450209.905
$PEKIO,COORD,159,0x001A2C,3.23,-5.80,1.15,,1726450209.946
$PEKIO,COORD,007,0x001A79,2.54,-6.02,1.21,,1726450210.005
$PEKIO,COORD,160,0x001A2C,3.22,-5.79,1.14,,1726450210.045
$PEKIO,COORD,008,0x001A79,2.54,-6.02,1.21,,1726450210.104
$PEKIO,COORD,161,0x001A2C,3.23,-5.80,1.14,,1726450210.146
$PEKIO,COORD,009,0x001A79,2.54,-6.02,1.21,,1726450210.204
$PEKIO,COORD,162,0x001A2C,3.24,-5.83,1.14,,1726450210.247
$PEKIO,COORD,163,0x001A2C,3.26,-5.86,1.15,,1726450210.317
$PEKIO,COORD,164,0x001A2C,3.28,-5.89,1.16,,1726450210.416
$PEKIO,COORD,165,0x001A2C,3.30,-5.93,1.17,,1726450210.517
$PEKIO,COORD,166,0x001A2C,3.31,-5.96,1.18,,1726450210.618
$PEKIO,COORD,167,0x001A2C,3.33,-5.99,1.18,,1726450210.718
$PEKIO,COORD,168,0x001A2C,3.34,-6.02,1.19,,1726450210.818
$PEKIO,COORD,169,0x001A2C,3.34,-6.03,1.18,,1726450210.918
$PEKIO,COORD,170,0x001A2C,3.35,-6.04,1.18,,1726450211.020
$PEKIO,COORD,171,0x001A2C,3.37,-6.03,1.17,,1726450211.120
$PEKIO,COORD,010,0x001A79,2.54,-6.02,1.21,,1726450211.182
$PEKIO,COORD,172,0x001A2C,3.38,-6.01,1.16,,1726450211.221
$PEKIO,COORD,173,0x001A2C,3.40,-5.98,1.15,,1726450211.320
$PEKIO,COORD,174,0x001A2C,3.41,-5.96,1.15,,1726450211.420
$PEKIO,COORD,175,0x001A2C,3.41,-5.94,1.14,,1726450211.522
$PEKIO,COORD,176,0x001A2C,3.39,-5.93,1.13,,1726450211.621
$PEKIO,COORD,177,0x001A2C,3.38,-5.91,1.11,,1726450211.721
$PEKIO,COORD,178,0x001A2C,3.36,-5.90,1.10,,1726450211.822
$PEKIO,COORD,179,0x001A2C,3.36,-5.90,1.09,,1726450211.921
$PEKIO,COORD,180,0x001A2C,3.36,-5.89,1.08,,1726450212.022
$PEKIO,COORD,181,0x001A2C,3.37,-5.89,1.08,,1726450212.124
$PEKIO,COORD,011,0x001A79,2.54,-6.02,1.21,,1726450212.161
$PEKIO,COORD,182,0x001A2C,3.38,-5.89,1.08,,1726450212.222
$PEKIO,COORD,183,0x001A2C,3.39,-5.89,1.08,,1726450212.324
$PEKIO,COORD,184,0x001A2C,3.40,-5.90,1.08,,1726450212.424
$PEKIO,COORD,185,0x001A2C,3.41,-5.90,1.08,,1726450212.523
$PEKIO,COORD,186,0x001A2C,3.42,-5.91,1.09,,1726450212.622
$PEKIO,COORD,187,0x001A2C,3.42,-5.91,1.09,,1726450212.723
$PEKIO,COORD,188,0x001A2C,3.42,-5.90,1.09,,1726450212.823
$PEKIO,COORD,189,0x001A2C,3.41,-5.90,1.10,,1726450212.924
$PEKIO,COORD,190,0x001A2C,3.40,-5.89,1.10,,1726450213.024
$PEKIO,COORD,191,0x001A2C,3.39,-5.90,1.09,,1726450213.124
$PEKIO,COORD,012,0x001A79,2.54,-6.01,1.21,,1726450213.141
$PEKIO,COORD,192,0x001A2C,3.38,-5.91,1.09,,1726450213.225
$PEKIO,COORD,193,0x001A2C,3.37,-5.93,1.09,,1726450213.329
$PEKIO,COORD,194,0x001A2C,3.37,-5.95,1.09,,1726450213.428
$PEKIO,COORD,195,0x001A2C,3.37,-5.95,1.09,,1726450213.528
$PEKIO,COORD,196,0x001A2C,3.37,-5.95,1.09,,1726450213.629
$PEKIO,COORD,013,0x001A79,2.54,-6.01,1.21,,1726450214.118
$PEKIO,COORD,197,0x001A2C,3.37,-5.95,1.09,,1726450214.606
$PEKIO,COORD,014,0x001A79,2.54,-6.01,1.21,,1726450215.095
$PEKIO,COORD,198,0x001A2C,3.37,-5.95,1.09,,1726450215.584
$PEKIO,COORD,015,0x001A79,2.53,-6.02,1.22,,1726450216.073
$PEKIO,COORD,199,0x001A2C,3.37,-5.95,1.09,,1726450216.562
$PEKIO,COORD,016,0x001A79,2.52,-6.02,1.22,,1726450217.054
$PEKIO,COORD,200,0x001A2C,3.37,-5.95,1.09,,1726450217.538
$PEKIO,COORD,017,0x001A79,2.51,-6.03,1.23,,1726450218.032
$PEKIO,COORD,201,0x001A2C,3.37,-5.96,1.09,,1726450218.515
$PEKIO,COORD,018,0x001A79,2.50,-6.03,1.23,,1726450219.008
$PEKIO,COORD,202,0x001A2C,3.38,-5.96,1.09,,1726450219.493
$PEKIO,COORD,019,0x001A79,2.47,-6.04,1.24,,1726450219.986
$PEKIO,COORD,203,0x001A2C,3.38,-5.95,1.10,,1726450220.470
$PEKIO,COORD,020,0x001A79,2.45,-6.06,1.25,,1726450220.964
$PEKIO,COORD,204,0x001A2C,3.39,-5.95,1.10,,1726450221.448
$PEKIO,COORD,021,0x001A79,2.43,-6.07,1.26,,1726450221.944
$PEKIO,COORD,205,0x001A2C,3.39,-5.95,1.10,,1726450222.427
$PEKIO,COORD,022,0x001A79,2.41,-6.08,1.27,,1726450222.921
$PEKIO,COORD,206,0x001A2C,3.39,-5.95,1.11,,1726450223.403
$PEKIO,COORD,023,0x001A79,2.40,-6.08,1.27,,1726450223.899
$PEKIO,COORD,207,0x001A2C,3.40,-5.95,1.12,,1726450224.380
$PEKIO,COORD,024,0x001A79,2.40,-6.09,1.27,,1726450224.877
$PEKIO,COORD,208,0x001A2C,3.39,-5.95,1.13,,1726450225.357
$PEKIO,COORD,025,0x001A79,2.40,-6.08,1.27,,1726450225.855
$PEKIO,COORD,209,0x001A2C,3.39,-5.95,1.14,,1726450226.334
$PEKIO,COORD,026,0x001A79,2.40,-6.08,1.27,,1726450226.834
$PEKIO,COORD,210,0x001A2C,3.38,-5.95,1.15,,1726450227.312
$PEKIO,COORD,027,0x001A79,2.41,-6.07,1.27,,1726450227.811
$PEKIO,COORD,211,0x001A2C,3.37,-5.95,1.16,,1726450228.288
$PEKIO,COORD,028,0x001A79,2.42,-6.05,1.26,,1726450228.789
$PEKIO,COORD,212,0x001A2C,3.36,-5.94,1.16,,1726450229.267
$PEKIO,COORD,029,0x001A79,2.42,-6.03,1.26,,1726450229.769
$PEKIO,COORD,213,0x001A2C,3.35,-5.92,1.17,,1726450230.244
$PEKIO,COORD,030,0x001A79,2.43,-6.01,1.26,,1726450230.747
$PEKIO,COORD,214,0x001A2C,3.34,-5.90,1.17,,1726450231.220
$PEKIO,COORD,031,0x001A79,2.43,-5.99,1.26,,1726450231.723
$PEKIO,COORD,215,0x001A2C,3.33,-5.88,1.17,,1726450232.197
$PEKIO,COORD,032,0x001A79,2.42,-5.97,1.27,,1726450232.703
$PEKIO,COORD,216,0x001A2C,3.33,-5.85,1.17,,1726450233.176
$PEKIO,COORD,033,0x001A79,2.42,-5.95,1.27,,1726450233.679
$PEKIO,COORD,217,0x001A2C,3.33,-5.82,1.18,,1726450234.153
$PEKIO,COORD,034,0x001A79,2.40,-5.93,1.28,,1726450234.659
$PEKIO,COORD,218,0x001A2C,3.33,-5.79,1.18,,1726450235.129
$PEKIO,COORD,035,0x001A79,2.39,-5.92,1.29,,1726450235.636
